DEBUG:This message should appear on the console
INFO:So should this
WARNING:And this, too
DEBUG:Starting new HTTPS connection (1): api.kite.trade:443
DEBUG:This message should appear on the console
INFO:So should this
WARNING:And this, too
DEBUG:Starting new HTTPS connection (1): api.kite.trade:443
DEBUG:https://api.kite.trade:443 "GET / HTTP/1.1" 200 None
DEBUG:Running job Job(interval=1, unit=days, do=createshortstraddlebnf, args=(), kwargs={})
DEBUG:https://api.kite.trade:443 "GET /quote?i=NFO%3ABANKNIFTY23FEBFUT HTTP/1.1" 200 None
DEBUG:https://api.kite.trade:443 "GET /instruments HTTP/1.1" 200 1151978
DEBUG:https://api.kite.trade:443 "POST /orders/regular HTTP/1.1" 400 172
INFO:Order placed successfully, orderId = {'status': 'error', 'message': 'MIS (intraday) are blocked as the markets are not open for trading today. Try placing an AMO order.', 'data': None, 'error_type': 'InputException'}
DEBUG:https://api.kite.trade:443 "GET /quote/ltp?i=BANKNIFTY23FEB41200CE HTTP/1.1" 200 30
DEBUG:Peer did not staple an OCSP response
DEBUG:Requesting OCSP data
DEBUG:Trying http://r3.o.lencr.org
DEBUG:Peer did not staple an OCSP response
DEBUG:Requesting OCSP data
DEBUG:Trying http://r3.o.lencr.org
DEBUG:Starting new HTTP connection (1): r3.o.lencr.org:80
DEBUG:Starting new HTTP connection (1): r3.o.lencr.org:80
DEBUG:Peer did not staple an OCSP response
DEBUG:Requesting OCSP data
DEBUG:Trying http://r3.o.lencr.org
DEBUG:Starting new HTTP connection (1): r3.o.lencr.org:80
DEBUG:http://r3.o.lencr.org:80 "POST / HTTP/1.1" 200 503
DEBUG:OCSP response status: <OCSPResponseStatus.SUCCESSFUL: 0>
DEBUG:Verifying response
DEBUG:Responder is issuer
DEBUG:http://r3.o.lencr.org:80 "POST / HTTP/1.1" 200 503
DEBUG:OCSP response status: <OCSPResponseStatus.SUCCESSFUL: 0>
DEBUG:Verifying response
DEBUG:Responder is issuer
DEBUG:Caching OCSP response.
DEBUG:OCSP cert status: <OCSPCertStatus.GOOD: 0>
DEBUG:Caching OCSP response.
DEBUG:OCSP cert status: <OCSPCertStatus.GOOD: 0>
DEBUG:http://r3.o.lencr.org:80 "POST / HTTP/1.1" 200 503
DEBUG:OCSP response status: <OCSPResponseStatus.SUCCESSFUL: 0>
DEBUG:Verifying response
DEBUG:Responder is issuer
DEBUG:Caching OCSP response.
DEBUG:OCSP cert status: <OCSPCertStatus.GOOD: 0>
DEBUG:Peer did not staple an OCSP response
DEBUG:Requesting OCSP data
DEBUG:Trying http://r3.o.lencr.org
DEBUG:Using cached OCSP response.
DEBUG:OCSP cert status: <OCSPCertStatus.GOOD: 0>
DEBUG:Peer did not staple an OCSP response
DEBUG:Requesting OCSP data
DEBUG:Trying http://r3.o.lencr.org
DEBUG:Using cached OCSP response.
DEBUG:OCSP cert status: <OCSPCertStatus.GOOD: 0>
DEBUG:Peer did not staple an OCSP response
DEBUG:Requesting OCSP data
DEBUG:Trying http://r3.o.lencr.org
DEBUG:Using cached OCSP response.
DEBUG:OCSP cert status: <OCSPCertStatus.GOOD: 0>
DEBUG:Peer did not staple an OCSP response
DEBUG:Requesting OCSP data
DEBUG:Trying http://r3.o.lencr.org
DEBUG:Using cached OCSP response.
DEBUG:OCSP cert status: <OCSPCertStatus.GOOD: 0>
DEBUG:https://api.kite.trade:443 "POST /orders/regular HTTP/1.1" 400 172
INFO:Order placed successfully, orderId = {'status': 'error', 'message': 'MIS (intraday) are blocked as the markets are not open for trading today. Try placing an AMO order.', 'data': None, 'error_type': 'InputException'}
DEBUG:https://api.kite.trade:443 "GET /quote?i=BANKNIFTY23FEB41200PE HTTP/1.1" 200 30
DEBUG:Peer did not staple an OCSP response
DEBUG:Requesting OCSP data
DEBUG:Trying http://r3.o.lencr.org
DEBUG:Starting new HTTP connection (1): r3.o.lencr.org:80
DEBUG:Peer did not staple an OCSP response
DEBUG:Requesting OCSP data
DEBUG:Trying http://r3.o.lencr.org
DEBUG:Starting new HTTP connection (1): r3.o.lencr.org:80
DEBUG:Peer did not staple an OCSP response
DEBUG:Requesting OCSP data
DEBUG:Trying http://r3.o.lencr.org
DEBUG:Starting new HTTP connection (1): r3.o.lencr.org:80
DEBUG:This message should appear on the console
INFO:So should this
WARNING:And this, too
DEBUG:Starting new HTTPS connection (1): api.kite.trade:443
DEBUG:https://api.kite.trade:443 "GET / HTTP/1.1" 200 None
DEBUG:Running job Job(interval=1, unit=days, do=createshortstraddlebnf, args=(), kwargs={})
DEBUG:Resetting dropped connection: api.kite.trade
DEBUG:https://api.kite.trade:443 "GET /quote?i=NFO%3ABANKNIFTY23FEBFUT HTTP/1.1" 200 None
DEBUG:https://api.kite.trade:443 "GET /instruments HTTP/1.1" 200 1147205
DEBUG:https://api.kite.trade:443 "POST /orders/regular HTTP/1.1" 400 205
INFO:Order placed successfully, orderId = {'status': 'error', 'message': 'NFO is disabled for your account. You can activate the segment on [Console.](https://console.zerodha.com/account/segment-activation)', 'data': None, 'error_type': 'InputException'}
DEBUG:https://api.kite.trade:443 "GET /quote/ltp?i=BANKNIFTY23FEB41200CE HTTP/1.1" 200 30
DEBUG:Peer did not staple an OCSP response
DEBUG:Requesting OCSP data
DEBUG:Trying http://r3.o.lencr.org
DEBUG:Starting new HTTP connection (1): r3.o.lencr.org:80
DEBUG:Peer did not staple an OCSP response
DEBUG:Requesting OCSP data
DEBUG:Trying http://r3.o.lencr.org
DEBUG:Starting new HTTP connection (1): r3.o.lencr.org:80
DEBUG:Peer did not staple an OCSP response
DEBUG:Requesting OCSP data
DEBUG:Trying http://r3.o.lencr.org
DEBUG:Starting new HTTP connection (1): r3.o.lencr.org:80
DEBUG:http://r3.o.lencr.org:80 "POST / HTTP/1.1" 200 503
DEBUG:OCSP response status: <OCSPResponseStatus.SUCCESSFUL: 0>
DEBUG:Verifying response
DEBUG:Responder is issuer
DEBUG:Caching OCSP response.
DEBUG:OCSP cert status: <OCSPCertStatus.GOOD: 0>
DEBUG:http://r3.o.lencr.org:80 "POST / HTTP/1.1" 200 503
DEBUG:OCSP response status: <OCSPResponseStatus.SUCCESSFUL: 0>
DEBUG:Verifying response
DEBUG:Responder is issuer
DEBUG:Caching OCSP response.
DEBUG:OCSP cert status: <OCSPCertStatus.GOOD: 0>
DEBUG:Peer did not staple an OCSP response
DEBUG:Requesting OCSP data
DEBUG:Trying http://r3.o.lencr.org
DEBUG:Using cached OCSP response.
DEBUG:OCSP cert status: <OCSPCertStatus.GOOD: 0>
DEBUG:http://r3.o.lencr.org:80 "POST / HTTP/1.1" 200 503
DEBUG:OCSP response status: <OCSPResponseStatus.SUCCESSFUL: 0>
DEBUG:Verifying response
DEBUG:Responder is issuer
DEBUG:Caching OCSP response.
DEBUG:OCSP cert status: <OCSPCertStatus.GOOD: 0>
DEBUG:https://api.kite.trade:443 "POST /orders/regular HTTP/1.1" 400 205
DEBUG:Peer did not staple an OCSP response
DEBUG:Requesting OCSP data
DEBUG:Trying http://r3.o.lencr.org
DEBUG:Using cached OCSP response.
DEBUG:OCSP cert status: <OCSPCertStatus.GOOD: 0>
DEBUG:Peer did not staple an OCSP response
DEBUG:Requesting OCSP data
DEBUG:Trying http://r3.o.lencr.org
DEBUG:Using cached OCSP response.
DEBUG:OCSP cert status: <OCSPCertStatus.GOOD: 0>
DEBUG:Peer did not staple an OCSP response
DEBUG:Requesting OCSP data
DEBUG:Trying http://r3.o.lencr.org
DEBUG:Using cached OCSP response.
DEBUG:OCSP cert status: <OCSPCertStatus.GOOD: 0>
INFO:Order placed successfully, orderId = {'status': 'error', 'message': 'NFO is disabled for your account. You can activate the segment on [Console.](https://console.zerodha.com/account/segment-activation)', 'data': None, 'error_type': 'InputException'}
DEBUG:https://api.kite.trade:443 "GET /quote?i=BANKNIFTY23FEB41200PE HTTP/1.1" 200 30
DEBUG:Peer did not staple an OCSP response
DEBUG:Requesting OCSP data
DEBUG:Trying http://r3.o.lencr.org
DEBUG:Starting new HTTP connection (1): r3.o.lencr.org:80
DEBUG:Peer did not staple an OCSP response
DEBUG:Requesting OCSP data
DEBUG:Trying http://r3.o.lencr.org
DEBUG:Starting new HTTP connection (1): r3.o.lencr.org:80
DEBUG:Peer did not staple an OCSP response
DEBUG:Requesting OCSP data
DEBUG:Trying http://r3.o.lencr.org
DEBUG:Starting new HTTP connection (1): r3.o.lencr.org:80
DEBUG:http://r3.o.lencr.org:80 "POST / HTTP/1.1" 200 503
DEBUG:http://r3.o.lencr.org:80 "POST / HTTP/1.1" 200 503
DEBUG:OCSP response status: <OCSPResponseStatus.SUCCESSFUL: 0>
DEBUG:OCSP response status: <OCSPResponseStatus.SUCCESSFUL: 0>
DEBUG:Verifying response
DEBUG:Verifying response
DEBUG:Responder is issuer
DEBUG:Responder is issuer
DEBUG:Caching OCSP response.
DEBUG:OCSP cert status: <OCSPCertStatus.GOOD: 0>
DEBUG:Caching OCSP response.
DEBUG:OCSP cert status: <OCSPCertStatus.GOOD: 0>
DEBUG:http://r3.o.lencr.org:80 "POST / HTTP/1.1" 200 503
DEBUG:OCSP response status: <OCSPResponseStatus.SUCCESSFUL: 0>
DEBUG:Verifying response
DEBUG:Responder is issuer
DEBUG:Caching OCSP response.
DEBUG:OCSP cert status: <OCSPCertStatus.GOOD: 0>
DEBUG:Peer did not staple an OCSP response
DEBUG:Peer did not staple an OCSP response
DEBUG:Requesting OCSP data
DEBUG:Requesting OCSP data
DEBUG:Trying http://r3.o.lencr.org
DEBUG:Trying http://r3.o.lencr.org
DEBUG:Using cached OCSP response.
DEBUG:OCSP cert status: <OCSPCertStatus.GOOD: 0>
DEBUG:Using cached OCSP response.
DEBUG:OCSP cert status: <OCSPCertStatus.GOOD: 0>
DEBUG:Peer did not staple an OCSP response
DEBUG:Requesting OCSP data
DEBUG:Trying http://r3.o.lencr.org
DEBUG:Using cached OCSP response.
DEBUG:OCSP cert status: <OCSPCertStatus.GOOD: 0>
DEBUG:Peer did not staple an OCSP response
DEBUG:Requesting OCSP data
DEBUG:Trying http://r3.o.lencr.org
DEBUG:Using cached OCSP response.
DEBUG:OCSP cert status: <OCSPCertStatus.GOOD: 0>
DEBUG:Running job Job(interval=1, unit=days, do=createshortstraddlebnf, args=(), kwargs={})
DEBUG:Resetting dropped connection: api.kite.trade
DEBUG:https://api.kite.trade:443 "GET /quote?i=NFO%3ABANKNIFTY23FEBFUT HTTP/1.1" 200 None
DEBUG:https://api.kite.trade:443 "POST /orders/regular HTTP/1.1" 400 205
INFO:Order placed successfully, orderId = {'status': 'error', 'message': 'NFO is disabled for your account. You can activate the segment on [Console.](https://console.zerodha.com/account/segment-activation)', 'data': None, 'error_type': 'InputException'}
DEBUG:https://api.kite.trade:443 "GET /quote/ltp?i=BANKNIFTY23FEB41000CE HTTP/1.1" 200 30
DEBUG:Peer did not staple an OCSP response
DEBUG:Peer did not staple an OCSP response
DEBUG:Peer did not staple an OCSP response
DEBUG:Requesting OCSP data
DEBUG:Requesting OCSP data
DEBUG:Requesting OCSP data
DEBUG:Trying http://r3.o.lencr.org
DEBUG:Trying http://r3.o.lencr.org
DEBUG:Trying http://r3.o.lencr.org
DEBUG:Starting new HTTP connection (1): r3.o.lencr.org:80
DEBUG:Starting new HTTP connection (1): r3.o.lencr.org:80
DEBUG:Starting new HTTP connection (1): r3.o.lencr.org:80
DEBUG:http://r3.o.lencr.org:80 "POST / HTTP/1.1" 200 503
DEBUG:OCSP response status: <OCSPResponseStatus.SUCCESSFUL: 0>
DEBUG:Verifying response
DEBUG:http://r3.o.lencr.org:80 "POST / HTTP/1.1" 200 503
DEBUG:Responder is issuer
DEBUG:OCSP response status: <OCSPResponseStatus.SUCCESSFUL: 0>
DEBUG:Verifying response
DEBUG:Responder is issuer
DEBUG:http://r3.o.lencr.org:80 "POST / HTTP/1.1" 200 503
DEBUG:OCSP response status: <OCSPResponseStatus.SUCCESSFUL: 0>
DEBUG:Verifying response
DEBUG:Responder is issuer
DEBUG:Caching OCSP response.
DEBUG:Caching OCSP response.
DEBUG:OCSP cert status: <OCSPCertStatus.GOOD: 0>
DEBUG:OCSP cert status: <OCSPCertStatus.GOOD: 0>
DEBUG:Caching OCSP response.
DEBUG:OCSP cert status: <OCSPCertStatus.GOOD: 0>
DEBUG:Peer did not staple an OCSP response
DEBUG:Requesting OCSP data
DEBUG:Trying http://r3.o.lencr.org
DEBUG:Peer did not staple an OCSP response
DEBUG:Using cached OCSP response.
DEBUG:Requesting OCSP data
DEBUG:OCSP cert status: <OCSPCertStatus.GOOD: 0>
DEBUG:Trying http://r3.o.lencr.org
DEBUG:Using cached OCSP response.
DEBUG:OCSP cert status: <OCSPCertStatus.GOOD: 0>
DEBUG:Peer did not staple an OCSP response
DEBUG:Requesting OCSP data
DEBUG:Trying http://r3.o.lencr.org
DEBUG:Using cached OCSP response.
DEBUG:OCSP cert status: <OCSPCertStatus.GOOD: 0>
DEBUG:Peer did not staple an OCSP response
DEBUG:Requesting OCSP data
DEBUG:Trying http://r3.o.lencr.org
DEBUG:Using cached OCSP response.
DEBUG:OCSP cert status: <OCSPCertStatus.GOOD: 0>
DEBUG:https://api.kite.trade:443 "POST /orders/regular HTTP/1.1" 400 205
DEBUG:Peer did not staple an OCSP response
DEBUG:Requesting OCSP data
DEBUG:Trying http://r3.o.lencr.org
DEBUG:Using cached OCSP response.
DEBUG:OCSP cert status: <OCSPCertStatus.GOOD: 0>
DEBUG:Peer did not staple an OCSP response
DEBUG:Requesting OCSP data
DEBUG:Trying http://r3.o.lencr.org
DEBUG:Using cached OCSP response.
DEBUG:OCSP cert status: <OCSPCertStatus.GOOD: 0>
DEBUG:Peer did not staple an OCSP response
DEBUG:Requesting OCSP data
DEBUG:Trying http://r3.o.lencr.org
DEBUG:Using cached OCSP response.
DEBUG:OCSP cert status: <OCSPCertStatus.GOOD: 0>
DEBUG:Peer did not staple an OCSP response
DEBUG:Requesting OCSP data
DEBUG:Trying http://r3.o.lencr.org
DEBUG:Peer did not staple an OCSP response
DEBUG:Requesting OCSP data
DEBUG:Trying http://r3.o.lencr.org
DEBUG:Using cached OCSP response.
DEBUG:OCSP cert status: <OCSPCertStatus.GOOD: 0>
DEBUG:Peer did not staple an OCSP response
DEBUG:Requesting OCSP data
DEBUG:Trying http://r3.o.lencr.org
DEBUG:Using cached OCSP response.
DEBUG:OCSP cert status: <OCSPCertStatus.GOOD: 0>
DEBUG:Using cached OCSP response.
DEBUG:OCSP cert status: <OCSPCertStatus.GOOD: 0>
INFO:Order placed successfully, orderId = {'status': 'error', 'message': 'NFO is disabled for your account. You can activate the segment on [Console.](https://console.zerodha.com/account/segment-activation)', 'data': None, 'error_type': 'InputException'}
DEBUG:https://api.kite.trade:443 "GET /quote?i=BANKNIFTY23FEB41000PE HTTP/1.1" 200 30
DEBUG:Peer did not staple an OCSP response
DEBUG:Requesting OCSP data
DEBUG:Trying http://r3.o.lencr.org
DEBUG:Starting new HTTP connection (1): r3.o.lencr.org:80
DEBUG:Peer did not staple an OCSP response
DEBUG:Requesting OCSP data
DEBUG:Trying http://r3.o.lencr.org
DEBUG:Starting new HTTP connection (1): r3.o.lencr.org:80
DEBUG:Peer did not staple an OCSP response
DEBUG:Requesting OCSP data
DEBUG:Trying http://r3.o.lencr.org
DEBUG:Starting new HTTP connection (1): r3.o.lencr.org:80
DEBUG:http://r3.o.lencr.org:80 "POST / HTTP/1.1" 200 503
DEBUG:OCSP response status: <OCSPResponseStatus.SUCCESSFUL: 0>
DEBUG:Verifying response
DEBUG:Responder is issuer
DEBUG:Caching OCSP response.
DEBUG:OCSP cert status: <OCSPCertStatus.GOOD: 0>
DEBUG:http://r3.o.lencr.org:80 "POST / HTTP/1.1" 200 503
DEBUG:OCSP response status: <OCSPResponseStatus.SUCCESSFUL: 0>
DEBUG:Verifying response
DEBUG:Responder is issuer
DEBUG:Caching OCSP response.
DEBUG:OCSP cert status: <OCSPCertStatus.GOOD: 0>
DEBUG:Peer did not staple an OCSP response
DEBUG:Requesting OCSP data
DEBUG:Trying http://r3.o.lencr.org
DEBUG:Using cached OCSP response.
DEBUG:OCSP cert status: <OCSPCertStatus.GOOD: 0>
DEBUG:http://r3.o.lencr.org:80 "POST / HTTP/1.1" 200 503
DEBUG:OCSP response status: <OCSPResponseStatus.SUCCESSFUL: 0>
DEBUG:Verifying response
DEBUG:Responder is issuer
DEBUG:Caching OCSP response.
DEBUG:OCSP cert status: <OCSPCertStatus.GOOD: 0>
DEBUG:Peer did not staple an OCSP response
DEBUG:Requesting OCSP data
DEBUG:Trying http://r3.o.lencr.org
DEBUG:Using cached OCSP response.
DEBUG:OCSP cert status: <OCSPCertStatus.GOOD: 0>
DEBUG:Peer did not staple an OCSP response
DEBUG:Requesting OCSP data
DEBUG:Trying http://r3.o.lencr.org
DEBUG:Using cached OCSP response.
DEBUG:OCSP cert status: <OCSPCertStatus.GOOD: 0>
DEBUG:Peer did not staple an OCSP response
DEBUG:Requesting OCSP data
DEBUG:Trying http://r3.o.lencr.org
DEBUG:Using cached OCSP response.
DEBUG:OCSP cert status: <OCSPCertStatus.GOOD: 0>
DEBUG:Running job Job(interval=1, unit=days, do=createshortstraddlebnf, args=(), kwargs={})
DEBUG:Resetting dropped connection: api.kite.trade
DEBUG:https://api.kite.trade:443 "GET /quote?i=NFO%3ABANKNIFTY23FEBFUT HTTP/1.1" 200 None
DEBUG:https://api.kite.trade:443 "POST /orders/regular HTTP/1.1" 400 205
INFO:Order placed successfully, orderId = {'status': 'error', 'message': 'NFO is disabled for your account. You can activate the segment on [Console.](https://console.zerodha.com/account/segment-activation)', 'data': None, 'error_type': 'InputException'}
DEBUG:https://api.kite.trade:443 "GET /quote/ltp?i=BANKNIFTY23FEB40900CE HTTP/1.1" 200 30
DEBUG:Peer did not staple an OCSP response
DEBUG:Peer did not staple an OCSP response
DEBUG:Peer did not staple an OCSP response
DEBUG:Requesting OCSP data
DEBUG:Requesting OCSP data
DEBUG:Requesting OCSP data
DEBUG:Trying http://r3.o.lencr.org
DEBUG:Trying http://r3.o.lencr.org
DEBUG:Trying http://r3.o.lencr.org
DEBUG:Starting new HTTP connection (1): r3.o.lencr.org:80
DEBUG:Starting new HTTP connection (1): r3.o.lencr.org:80
DEBUG:Starting new HTTP connection (1): r3.o.lencr.org:80
DEBUG:http://r3.o.lencr.org:80 "POST / HTTP/1.1" 200 503
DEBUG:http://r3.o.lencr.org:80 "POST / HTTP/1.1" 200 503
DEBUG:OCSP response status: <OCSPResponseStatus.SUCCESSFUL: 0>
DEBUG:http://r3.o.lencr.org:80 "POST / HTTP/1.1" 200 503
DEBUG:OCSP response status: <OCSPResponseStatus.SUCCESSFUL: 0>
DEBUG:Verifying response
DEBUG:OCSP response status: <OCSPResponseStatus.SUCCESSFUL: 0>
DEBUG:Verifying response
DEBUG:Responder is issuer
DEBUG:Verifying response
DEBUG:Responder is issuer
DEBUG:Responder is issuer
DEBUG:Caching OCSP response.
DEBUG:Caching OCSP response.
DEBUG:Caching OCSP response.
DEBUG:OCSP cert status: <OCSPCertStatus.GOOD: 0>
DEBUG:OCSP cert status: <OCSPCertStatus.GOOD: 0>
DEBUG:OCSP cert status: <OCSPCertStatus.GOOD: 0>
DEBUG:Peer did not staple an OCSP response
DEBUG:Requesting OCSP data
DEBUG:Trying http://r3.o.lencr.org
DEBUG:Using cached OCSP response.
DEBUG:OCSP cert status: <OCSPCertStatus.GOOD: 0>
DEBUG:Peer did not staple an OCSP response
DEBUG:Requesting OCSP data
DEBUG:Trying http://r3.o.lencr.org
DEBUG:Using cached OCSP response.
DEBUG:OCSP cert status: <OCSPCertStatus.GOOD: 0>
DEBUG:Peer did not staple an OCSP response
DEBUG:Requesting OCSP data
DEBUG:Trying http://r3.o.lencr.org
DEBUG:Using cached OCSP response.
DEBUG:OCSP cert status: <OCSPCertStatus.GOOD: 0>
DEBUG:Peer did not staple an OCSP response
DEBUG:Requesting OCSP data
DEBUG:Trying http://r3.o.lencr.org
DEBUG:Using cached OCSP response.
DEBUG:OCSP cert status: <OCSPCertStatus.GOOD: 0>
DEBUG:https://api.kite.trade:443 "POST /orders/regular HTTP/1.1" 400 205
INFO:Order placed successfully, orderId = {'status': 'error', 'message': 'NFO is disabled for your account. You can activate the segment on [Console.](https://console.zerodha.com/account/segment-activation)', 'data': None, 'error_type': 'InputException'}
DEBUG:https://api.kite.trade:443 "GET /quote?i=BANKNIFTY23FEB40900PE HTTP/1.1" 200 30
DEBUG:Peer did not staple an OCSP response
DEBUG:Requesting OCSP data
DEBUG:Trying http://r3.o.lencr.org
DEBUG:Starting new HTTP connection (1): r3.o.lencr.org:80
DEBUG:Peer did not staple an OCSP response
DEBUG:Requesting OCSP data
DEBUG:Trying http://r3.o.lencr.org
DEBUG:Peer did not staple an OCSP response
DEBUG:Requesting OCSP data
DEBUG:Trying http://r3.o.lencr.org
DEBUG:Starting new HTTP connection (1): r3.o.lencr.org:80
DEBUG:Starting new HTTP connection (1): r3.o.lencr.org:80
DEBUG:http://r3.o.lencr.org:80 "POST / HTTP/1.1" 200 503
DEBUG:http://r3.o.lencr.org:80 "POST / HTTP/1.1" 200 503
DEBUG:OCSP response status: <OCSPResponseStatus.SUCCESSFUL: 0>
DEBUG:http://r3.o.lencr.org:80 "POST / HTTP/1.1" 200 503
DEBUG:OCSP response status: <OCSPResponseStatus.SUCCESSFUL: 0>
DEBUG:Verifying response
DEBUG:OCSP response status: <OCSPResponseStatus.SUCCESSFUL: 0>
DEBUG:Verifying response
DEBUG:Responder is issuer
DEBUG:Verifying response
DEBUG:Responder is issuer
DEBUG:Responder is issuer
DEBUG:Caching OCSP response.
DEBUG:OCSP cert status: <OCSPCertStatus.GOOD: 0>
DEBUG:Caching OCSP response.
DEBUG:OCSP cert status: <OCSPCertStatus.GOOD: 0>
DEBUG:Caching OCSP response.
DEBUG:OCSP cert status: <OCSPCertStatus.GOOD: 0>
DEBUG:Peer did not staple an OCSP response
DEBUG:Requesting OCSP data
DEBUG:Trying http://r3.o.lencr.org
DEBUG:Using cached OCSP response.
DEBUG:OCSP cert status: <OCSPCertStatus.GOOD: 0>
DEBUG:Peer did not staple an OCSP response
DEBUG:Requesting OCSP data
DEBUG:Trying http://r3.o.lencr.org
DEBUG:Using cached OCSP response.
DEBUG:OCSP cert status: <OCSPCertStatus.GOOD: 0>
DEBUG:Peer did not staple an OCSP response
DEBUG:Requesting OCSP data
DEBUG:Trying http://r3.o.lencr.org
DEBUG:Using cached OCSP response.
DEBUG:OCSP cert status: <OCSPCertStatus.GOOD: 0>
DEBUG:Peer did not staple an OCSP response
DEBUG:Requesting OCSP data
DEBUG:Trying http://r3.o.lencr.org
DEBUG:Using cached OCSP response.
DEBUG:OCSP cert status: <OCSPCertStatus.GOOD: 0>
DEBUG:This message should appear on the console
INFO:So should this
WARNING:And this, too
DEBUG:Starting new HTTPS connection (1): api.kite.trade:443
DEBUG:https://api.kite.trade:443 "GET / HTTP/1.1" 200 None
DEBUG:This message should appear on the console
INFO:So should this
WARNING:And this, too
DEBUG:Starting new HTTPS connection (1): api.kite.trade:443
DEBUG:https://api.kite.trade:443 "GET / HTTP/1.1" 200 None
DEBUG:Running job Job(interval=1, unit=days, do=createshortstraddlebnf, args=(), kwargs={})
DEBUG:https://api.kite.trade:443 "GET /quote?i=NFO%3ABANKNIFTY23FEBFUT HTTP/1.1" 200 30
DEBUG:https://api.kite.trade:443 "GET /instruments HTTP/1.1" 200 1083003
DEBUG:This message should appear on the console
INFO:So should this
WARNING:And this, too
DEBUG:Starting new HTTPS connection (1): api.kite.trade:443
DEBUG:https://api.kite.trade:443 "GET / HTTP/1.1" 200 None
DEBUG:Running job Job(interval=1, unit=days, do=createshortstraddlebnf, args=(), kwargs={})
DEBUG:https://api.kite.trade:443 "GET /quote?i=NFO%3ABANKNIFTY23FEBFUT HTTP/1.1" 200 30
DEBUG:https://api.kite.trade:443 "GET /instruments HTTP/1.1" 200 1083003
DEBUG:This message should appear on the console
INFO:So should this
WARNING:And this, too
DEBUG:Starting new HTTPS connection (1): api.kite.trade:443
DEBUG:https://api.kite.trade:443 "GET / HTTP/1.1" 200 None
DEBUG:Running job Job(interval=1, unit=days, do=createshortstraddlebnf, args=(), kwargs={})
DEBUG:https://api.kite.trade:443 "GET /quote?i=NFO%3ABANKNIFTY23MARFUT HTTP/1.1" 200 None
DEBUG:https://api.kite.trade:443 "GET /instruments HTTP/1.1" 200 1083003
DEBUG:https://api.kite.trade:443 "POST /orders/regular HTTP/1.1" 400 280
INFO:Order placed successfully, orderId = {'status': 'error', 'message': 'Markets are closed right now. Try placing an after market order (AMO). [Read more.](https://support.zerodha.com/category/trading-and-markets/kite-web-and-mobile/articles/what-is-amo-and-when-can-we-place-it)', 'data': None, 'error_type': 'InputException'}
DEBUG:https://api.kite.trade:443 "GET /quote/ltp?i=BANKNIFTY2330240500CE HTTP/1.1" 200 30
DEBUG:This message should appear on the console
INFO:So should this
WARNING:And this, too
DEBUG:Starting new HTTPS connection (1): api.kite.trade:443
DEBUG:https://api.kite.trade:443 "GET / HTTP/1.1" 200 None
DEBUG:Running job Job(interval=1, unit=days, do=createshortstraddlebnf, args=(), kwargs={})
DEBUG:https://api.kite.trade:443 "GET /quote?i=NFO%3ABANKNIFTY23MARFUT HTTP/1.1" 200 None
DEBUG:This message should appear on the console
INFO:So should this
WARNING:And this, too
DEBUG:Starting new HTTPS connection (1): api.kite.trade:443
DEBUG:https://api.kite.trade:443 "GET / HTTP/1.1" 200 None
DEBUG:Running job Job(interval=1, unit=days, do=createshortstraddlebnf, args=(), kwargs={})
DEBUG:https://api.kite.trade:443 "GET /quote?i=NFO%3ABANKNIFTY23MARFUT HTTP/1.1" 200 None
DEBUG:This message should appear on the console
INFO:So should this
WARNING:And this, too
DEBUG:Starting new HTTPS connection (1): api.kite.trade:443
DEBUG:https://api.kite.trade:443 "GET / HTTP/1.1" 200 None
DEBUG:Running job Job(interval=1, unit=days, do=createshortstraddlebnf, args=(), kwargs={})
DEBUG:https://api.kite.trade:443 "GET /quote?i=NFO%3ABANKNIFTY23MARFUT HTTP/1.1" 200 None
DEBUG:This message should appear on the console
INFO:So should this
WARNING:And this, too
DEBUG:Starting new HTTPS connection (1): api.kite.trade:443
DEBUG:https://api.kite.trade:443 "GET / HTTP/1.1" 200 None
DEBUG:Running job Job(interval=1, unit=days, do=createshortstraddlebnf, args=(), kwargs={})
DEBUG:https://api.kite.trade:443 "GET /quote?i=NFO%3ABANKNIFTY23MARFUT HTTP/1.1" 200 None
DEBUG:This message should appear on the console
INFO:So should this
WARNING:And this, too
DEBUG:Starting new HTTPS connection (1): api.kite.trade:443
DEBUG:https://api.kite.trade:443 "GET / HTTP/1.1" 200 None
DEBUG:This message should appear on the console
INFO:So should this
WARNING:And this, too
DEBUG:Starting new HTTPS connection (1): api.kite.trade:443
DEBUG:https://api.kite.trade:443 "GET / HTTP/1.1" 200 None
DEBUG:Running job Job(interval=1, unit=days, do=createshortstraddlebnf, args=(), kwargs={})
DEBUG:https://api.kite.trade:443 "GET /quote?i=NFO%3ABANKNIFTY23MARFUT HTTP/1.1" 200 None
DEBUG:Starting new HTTPS connection (1): ant.aliceblueonline.com:443
DEBUG:https://ant.aliceblueonline.com:443 "POST /rest/AliceBlueAPIService/api/ScripDetails/getScripQuoteDetails HTTP/1.1" 401 12
DEBUG:Starting new HTTPS connection (1): ant.aliceblueonline.com:443
DEBUG:https://ant.aliceblueonline.com:443 "POST /rest/AliceBlueAPIService/api/ScripDetails/getScripQuoteDetails HTTP/1.1" 401 12
DEBUG:This message should appear on the console
INFO:So should this
WARNING:And this, too
DEBUG:Starting new HTTPS connection (1): api.kite.trade:443
DEBUG:https://api.kite.trade:443 "GET / HTTP/1.1" 200 None
DEBUG:Starting new HTTPS connection (1): ant.aliceblueonline.com:443
DEBUG:https://ant.aliceblueonline.com:443 "POST /rest/AliceBlueAPIService/api/customer/getAPIEncpkey HTTP/1.1" 200 None
DEBUG:Starting new HTTPS connection (1): ant.aliceblueonline.com:443
DEBUG:https://ant.aliceblueonline.com:443 "POST /rest/AliceBlueAPIService/api/customer/getUserSID HTTP/1.1" 200 None
DEBUG:Running job Job(interval=1, unit=days, do=createshortstraddlebnf, args=(), kwargs={})
DEBUG:https://api.kite.trade:443 "GET /quote?i=NFO%3ABANKNIFTY23MARFUT HTTP/1.1" 200 None
DEBUG:Starting new HTTPS connection (1): ant.aliceblueonline.com:443
DEBUG:https://ant.aliceblueonline.com:443 "POST /rest/AliceBlueAPIService/api/ScripDetails/getScripQuoteDetails HTTP/1.1" 200 None
DEBUG:Starting new HTTPS connection (1): ant.aliceblueonline.com:443
DEBUG:https://ant.aliceblueonline.com:443 "POST /rest/AliceBlueAPIService/api/ScripDetails/getScripQuoteDetails HTTP/1.1" 200 None
DEBUG:https://api.kite.trade:443 "POST /orders/regular HTTP/1.1" 400 205
INFO:Order placed successfully, orderId = {'status': 'error', 'message': 'NFO is disabled for your account. You can activate the segment on [Console.](https://console.zerodha.com/account/segment-activation)', 'data': None, 'error_type': 'InputException'}
DEBUG:https://api.kite.trade:443 "GET /quote/ltp?i=optiontype&i=SQty&i=vwapAveragePrice&i=LTQ&i=Ltp&i=LTP&i=DecimalPrecision&i=openPrice&i=BRate&i=defmktproval&i=BQty&i=symbolname&i=noMktPro&i=LTT&i=mktpro&i=TickSize&i=Multiplier&i=strikeprice&i=TotalSell&i=High&i=stat&i=BodLotQty&i=yearlyHighPrice&i=yearlyLowPrice&i=exchFeedTime&i=PrvClose&i=SRate&i=Change&i=Series&i=TotalBuy&i=Low&i=UniqueKey&i=PerChange&i=companyname&i=TradeVolume&i=TSymbl&i=Exp&i=LTD HTTP/1.1" 200 30
DEBUG:This message should appear on the console
INFO:So should this
WARNING:And this, too
DEBUG:Starting new HTTPS connection (1): api.kite.trade:443
DEBUG:https://api.kite.trade:443 "GET / HTTP/1.1" 200 None
DEBUG:Starting new HTTPS connection (1): ant.aliceblueonline.com:443
DEBUG:https://ant.aliceblueonline.com:443 "POST /rest/AliceBlueAPIService/api/customer/getAPIEncpkey HTTP/1.1" 200 None
DEBUG:Starting new HTTPS connection (1): ant.aliceblueonline.com:443
DEBUG:https://ant.aliceblueonline.com:443 "POST /rest/AliceBlueAPIService/api/customer/getUserSID HTTP/1.1" 200 None
DEBUG:This message should appear on the console
INFO:So should this
WARNING:And this, too
DEBUG:Starting new HTTPS connection (1): api.kite.trade:443
DEBUG:https://api.kite.trade:443 "GET / HTTP/1.1" 200 None
DEBUG:Starting new HTTPS connection (1): ant.aliceblueonline.com:443
DEBUG:https://ant.aliceblueonline.com:443 "POST /rest/AliceBlueAPIService/api/customer/getAPIEncpkey HTTP/1.1" 200 None
DEBUG:Starting new HTTPS connection (1): ant.aliceblueonline.com:443
DEBUG:https://ant.aliceblueonline.com:443 "POST /rest/AliceBlueAPIService/api/customer/getUserSID HTTP/1.1" 200 None
DEBUG:Running job Job(interval=1, unit=days, do=createshortstraddlebnf, args=(), kwargs={})
DEBUG:https://api.kite.trade:443 "GET /quote?i=NFO%3ABANKNIFTY23MARFUT HTTP/1.1" 200 None
DEBUG:Starting new HTTPS connection (1): ant.aliceblueonline.com:443
DEBUG:https://ant.aliceblueonline.com:443 "POST /rest/AliceBlueAPIService/api/ScripDetails/getScripQuoteDetails HTTP/1.1" 200 None
DEBUG:Starting new HTTPS connection (1): ant.aliceblueonline.com:443
DEBUG:https://ant.aliceblueonline.com:443 "POST /rest/AliceBlueAPIService/api/ScripDetails/getScripQuoteDetails HTTP/1.1" 200 None
DEBUG:https://api.kite.trade:443 "POST /orders/regular HTTP/1.1" 400 205
INFO:Order placed successfully, orderId = {'status': 'error', 'message': 'NFO is disabled for your account. You can activate the segment on [Console.](https://console.zerodha.com/account/segment-activation)', 'data': None, 'error_type': 'InputException'}
DEBUG:This message should appear on the console
INFO:So should this
WARNING:And this, too
DEBUG:Starting new HTTPS connection (1): api.kite.trade:443
DEBUG:https://api.kite.trade:443 "GET / HTTP/1.1" 200 None
DEBUG:Starting new HTTPS connection (1): ant.aliceblueonline.com:443
DEBUG:https://ant.aliceblueonline.com:443 "POST /rest/AliceBlueAPIService/api/customer/getAPIEncpkey HTTP/1.1" 200 None
DEBUG:Starting new HTTPS connection (1): ant.aliceblueonline.com:443
DEBUG:This message should appear on the console
INFO:So should this
WARNING:And this, too
DEBUG:Starting new HTTPS connection (1): api.kite.trade:443
DEBUG:https://api.kite.trade:443 "GET / HTTP/1.1" 200 None
DEBUG:Starting new HTTPS connection (1): ant.aliceblueonline.com:443
DEBUG:https://ant.aliceblueonline.com:443 "POST /rest/AliceBlueAPIService/api/customer/getAPIEncpkey HTTP/1.1" 200 None
DEBUG:Starting new HTTPS connection (1): ant.aliceblueonline.com:443
DEBUG:https://ant.aliceblueonline.com:443 "POST /rest/AliceBlueAPIService/api/customer/getUserSID HTTP/1.1" 200 None
DEBUG:Running job Job(interval=1, unit=days, do=createshortstraddlebnf, args=(), kwargs={})
DEBUG:https://api.kite.trade:443 "GET /quote?i=NFO%3ABANKNIFTY23MARFUT HTTP/1.1" 200 None
DEBUG:Starting new HTTPS connection (1): ant.aliceblueonline.com:443
DEBUG:https://ant.aliceblueonline.com:443 "POST /rest/AliceBlueAPIService/api/ScripDetails/getScripQuoteDetails HTTP/1.1" 200 None
DEBUG:Starting new HTTPS connection (1): ant.aliceblueonline.com:443
DEBUG:https://ant.aliceblueonline.com:443 "POST /rest/AliceBlueAPIService/api/ScripDetails/getScripQuoteDetails HTTP/1.1" 200 None
DEBUG:https://api.kite.trade:443 "POST /orders/regular HTTP/1.1" 400 205
INFO:Order placed successfully, orderId = {'status': 'error', 'message': 'NFO is disabled for your account. You can activate the segment on [Console.](https://console.zerodha.com/account/segment-activation)', 'data': None, 'error_type': 'InputException'}
DEBUG:This message should appear on the console
INFO:So should this
WARNING:And this, too
DEBUG:Starting new HTTPS connection (1): api.kite.trade:443
DEBUG:https://api.kite.trade:443 "GET / HTTP/1.1" 200 None
DEBUG:Starting new HTTPS connection (1): ant.aliceblueonline.com:443
DEBUG:https://ant.aliceblueonline.com:443 "POST /rest/AliceBlueAPIService/api/customer/getAPIEncpkey HTTP/1.1" 200 None
DEBUG:Starting new HTTPS connection (1): ant.aliceblueonline.com:443
DEBUG:https://ant.aliceblueonline.com:443 "POST /rest/AliceBlueAPIService/api/customer/getUserSID HTTP/1.1" 200 None
DEBUG:Running job Job(interval=1, unit=days, do=createshortstraddlebnf, args=(), kwargs={})
DEBUG:https://api.kite.trade:443 "GET /quote?i=NFO%3ABANKNIFTY23MARFUT HTTP/1.1" 200 None
DEBUG:Starting new HTTPS connection (1): ant.aliceblueonline.com:443
DEBUG:https://ant.aliceblueonline.com:443 "POST /rest/AliceBlueAPIService/api/ScripDetails/getScripQuoteDetails HTTP/1.1" 200 None
DEBUG:Starting new HTTPS connection (1): ant.aliceblueonline.com:443
DEBUG:https://ant.aliceblueonline.com:443 "POST /rest/AliceBlueAPIService/api/ScripDetails/getScripQuoteDetails HTTP/1.1" 200 None
DEBUG:This message should appear on the console
INFO:So should this
WARNING:And this, too
DEBUG:Starting new HTTPS connection (1): api.kite.trade:443
DEBUG:https://api.kite.trade:443 "GET / HTTP/1.1" 200 None
DEBUG:Starting new HTTPS connection (1): ant.aliceblueonline.com:443
DEBUG:https://ant.aliceblueonline.com:443 "POST /rest/AliceBlueAPIService/api/customer/getAPIEncpkey HTTP/1.1" 200 None
DEBUG:Starting new HTTPS connection (1): ant.aliceblueonline.com:443
DEBUG:https://ant.aliceblueonline.com:443 "POST /rest/AliceBlueAPIService/api/customer/getUserSID HTTP/1.1" 200 None
DEBUG:Running job Job(interval=1, unit=days, do=createshortstraddlebnf, args=(), kwargs={})
DEBUG:https://api.kite.trade:443 "GET /quote?i=NFO%3ABANKNIFTY23MARFUT HTTP/1.1" 200 None
DEBUG:Starting new HTTPS connection (1): ant.aliceblueonline.com:443
DEBUG:https://ant.aliceblueonline.com:443 "POST /rest/AliceBlueAPIService/api/ScripDetails/getScripQuoteDetails HTTP/1.1" 200 None
DEBUG:Starting new HTTPS connection (1): ant.aliceblueonline.com:443
DEBUG:https://ant.aliceblueonline.com:443 "POST /rest/AliceBlueAPIService/api/ScripDetails/getScripQuoteDetails HTTP/1.1" 200 None
DEBUG:Starting new HTTPS connection (1): ant.aliceblueonline.com:443
DEBUG:https://ant.aliceblueonline.com:443 "POST /rest/AliceBlueAPIService/api/placeOrder/executePlaceOrder HTTP/1.1" 200 42
DEBUG:This message should appear on the console
INFO:So should this
WARNING:And this, too
DEBUG:Starting new HTTPS connection (1): api.kite.trade:443
DEBUG:https://api.kite.trade:443 "GET / HTTP/1.1" 200 None
DEBUG:Starting new HTTPS connection (1): ant.aliceblueonline.com:443
DEBUG:https://ant.aliceblueonline.com:443 "POST /rest/AliceBlueAPIService/api/customer/getAPIEncpkey HTTP/1.1" 200 None
DEBUG:Starting new HTTPS connection (1): ant.aliceblueonline.com:443
DEBUG:https://ant.aliceblueonline.com:443 "POST /rest/AliceBlueAPIService/api/customer/getUserSID HTTP/1.1" 200 None
DEBUG:This message should appear on the console
INFO:So should this
WARNING:And this, too
DEBUG:Starting new HTTPS connection (1): api.kite.trade:443
DEBUG:https://api.kite.trade:443 "GET / HTTP/1.1" 200 None
DEBUG:Starting new HTTPS connection (1): ant.aliceblueonline.com:443
DEBUG:https://ant.aliceblueonline.com:443 "POST /rest/AliceBlueAPIService/api/customer/getAPIEncpkey HTTP/1.1" 200 None
DEBUG:Starting new HTTPS connection (1): ant.aliceblueonline.com:443
DEBUG:https://ant.aliceblueonline.com:443 "POST /rest/AliceBlueAPIService/api/customer/getUserSID HTTP/1.1" 200 None
DEBUG:Running job Job(interval=1, unit=days, do=createshortstraddlebnf, args=(), kwargs={})
DEBUG:https://api.kite.trade:443 "GET /quote?i=NFO%3ABANKNIFTY23MARFUT HTTP/1.1" 200 None
DEBUG:Starting new HTTPS connection (1): ant.aliceblueonline.com:443
DEBUG:https://ant.aliceblueonline.com:443 "POST /rest/AliceBlueAPIService/api/ScripDetails/getScripQuoteDetails HTTP/1.1" 200 None
DEBUG:Starting new HTTPS connection (1): ant.aliceblueonline.com:443
DEBUG:https://ant.aliceblueonline.com:443 "POST /rest/AliceBlueAPIService/api/ScripDetails/getScripQuoteDetails HTTP/1.1" 200 None
DEBUG:Starting new HTTPS connection (1): ant.aliceblueonline.com:443
DEBUG:https://ant.aliceblueonline.com:443 "POST /rest/AliceBlueAPIService/api/placeOrder/executePlaceOrder HTTP/1.1" 200 42
DEBUG:Peer did not staple an OCSP response
DEBUG:Requesting OCSP data
DEBUG:Trying http://r3.o.lencr.org
DEBUG:Peer did not staple an OCSP response
DEBUG:Requesting OCSP data
DEBUG:Trying http://r3.o.lencr.org
DEBUG:Peer did not staple an OCSP response
DEBUG:Requesting OCSP data
DEBUG:Trying http://r3.o.lencr.org
DEBUG:Starting new HTTP connection (1): r3.o.lencr.org:80
DEBUG:Starting new HTTP connection (1): r3.o.lencr.org:80
DEBUG:Starting new HTTP connection (1): r3.o.lencr.org:80
DEBUG:http://r3.o.lencr.org:80 "POST / HTTP/1.1" 200 503
DEBUG:OCSP response status: <OCSPResponseStatus.SUCCESSFUL: 0>
DEBUG:Verifying response
DEBUG:http://r3.o.lencr.org:80 "POST / HTTP/1.1" 200 503
DEBUG:http://r3.o.lencr.org:80 "POST / HTTP/1.1" 200 503
DEBUG:Responder is issuer
DEBUG:OCSP response status: <OCSPResponseStatus.SUCCESSFUL: 0>
DEBUG:OCSP response status: <OCSPResponseStatus.SUCCESSFUL: 0>
DEBUG:Verifying response
DEBUG:Verifying response
DEBUG:Responder is issuer
DEBUG:Responder is issuer
DEBUG:Caching OCSP response.
DEBUG:OCSP cert status: <OCSPCertStatus.GOOD: 0>
DEBUG:Caching OCSP response.
DEBUG:OCSP cert status: <OCSPCertStatus.GOOD: 0>
DEBUG:Caching OCSP response.
DEBUG:OCSP cert status: <OCSPCertStatus.GOOD: 0>
DEBUG:Peer did not staple an OCSP response
DEBUG:Requesting OCSP data
DEBUG:Trying http://r3.o.lencr.org
DEBUG:Using cached OCSP response.
DEBUG:OCSP cert status: <OCSPCertStatus.GOOD: 0>
DEBUG:Peer did not staple an OCSP response
DEBUG:Requesting OCSP data
DEBUG:Trying http://r3.o.lencr.org
DEBUG:Peer did not staple an OCSP response
DEBUG:Using cached OCSP response.
DEBUG:Requesting OCSP data
DEBUG:Peer did not staple an OCSP response
DEBUG:OCSP cert status: <OCSPCertStatus.GOOD: 0>
DEBUG:Trying http://r3.o.lencr.org
DEBUG:Requesting OCSP data
DEBUG:Trying http://r3.o.lencr.org
DEBUG:Using cached OCSP response.
DEBUG:OCSP cert status: <OCSPCertStatus.GOOD: 0>
DEBUG:Using cached OCSP response.
DEBUG:OCSP cert status: <OCSPCertStatus.GOOD: 0>
DEBUG:This message should appear on the console
INFO:So should this
WARNING:And this, too
DEBUG:Starting new HTTPS connection (1): api.kite.trade:443
DEBUG:https://api.kite.trade:443 "GET / HTTP/1.1" 200 None
DEBUG:Starting new HTTPS connection (1): ant.aliceblueonline.com:443
DEBUG:https://ant.aliceblueonline.com:443 "POST /rest/AliceBlueAPIService/api/customer/getAPIEncpkey HTTP/1.1" 200 None
DEBUG:Starting new HTTPS connection (1): ant.aliceblueonline.com:443
DEBUG:https://ant.aliceblueonline.com:443 "POST /rest/AliceBlueAPIService/api/customer/getUserSID HTTP/1.1" 200 None
DEBUG:Running job Job(interval=1, unit=days, do=createshortstraddlebnf, args=(), kwargs={})
DEBUG:https://api.kite.trade:443 "GET /quote?i=NFO%3ABANKNIFTY23MARFUT HTTP/1.1" 200 None
DEBUG:Starting new HTTPS connection (1): ant.aliceblueonline.com:443
DEBUG:https://ant.aliceblueonline.com:443 "POST /rest/AliceBlueAPIService/api/ScripDetails/getScripQuoteDetails HTTP/1.1" 200 None
DEBUG:Starting new HTTPS connection (1): ant.aliceblueonline.com:443
DEBUG:https://ant.aliceblueonline.com:443 "POST /rest/AliceBlueAPIService/api/ScripDetails/getScripQuoteDetails HTTP/1.1" 200 None
DEBUG:Starting new HTTPS connection (1): ant.aliceblueonline.com:443
DEBUG:https://ant.aliceblueonline.com:443 "POST /rest/AliceBlueAPIService/api/placeOrder/executePlaceOrder HTTP/1.1" 200 42
DEBUG:Peer did not staple an OCSP response
DEBUG:Requesting OCSP data
DEBUG:Trying http://r3.o.lencr.org
DEBUG:Peer did not staple an OCSP response
DEBUG:Requesting OCSP data
DEBUG:Trying http://r3.o.lencr.org
DEBUG:Starting new HTTP connection (1): r3.o.lencr.org:80
DEBUG:Starting new HTTP connection (1): r3.o.lencr.org:80
DEBUG:Peer did not staple an OCSP response
DEBUG:Requesting OCSP data
DEBUG:Trying http://r3.o.lencr.org
DEBUG:Starting new HTTP connection (1): r3.o.lencr.org:80
DEBUG:http://r3.o.lencr.org:80 "POST / HTTP/1.1" 200 503
DEBUG:http://r3.o.lencr.org:80 "POST / HTTP/1.1" 200 503
DEBUG:OCSP response status: <OCSPResponseStatus.SUCCESSFUL: 0>
DEBUG:OCSP response status: <OCSPResponseStatus.SUCCESSFUL: 0>
DEBUG:Verifying response
DEBUG:Verifying response
DEBUG:Responder is issuer
DEBUG:Responder is issuer
DEBUG:Caching OCSP response.
DEBUG:OCSP cert status: <OCSPCertStatus.GOOD: 0>
DEBUG:Caching OCSP response.
DEBUG:OCSP cert status: <OCSPCertStatus.GOOD: 0>
DEBUG:Peer did not staple an OCSP response
DEBUG:Requesting OCSP data
DEBUG:Trying http://r3.o.lencr.org
DEBUG:Using cached OCSP response.
DEBUG:OCSP cert status: <OCSPCertStatus.GOOD: 0>
DEBUG:Peer did not staple an OCSP response
DEBUG:Requesting OCSP data
DEBUG:Trying http://r3.o.lencr.org
DEBUG:Using cached OCSP response.
DEBUG:OCSP cert status: <OCSPCertStatus.GOOD: 0>
DEBUG:Peer did not staple an OCSP response
DEBUG:Requesting OCSP data
DEBUG:Trying http://r3.o.lencr.org
DEBUG:Using cached OCSP response.
DEBUG:OCSP cert status: <OCSPCertStatus.GOOD: 0>
DEBUG:http://r3.o.lencr.org:80 "POST / HTTP/1.1" 200 503
DEBUG:OCSP response status: <OCSPResponseStatus.SUCCESSFUL: 0>
DEBUG:Verifying response
DEBUG:Responder is issuer
DEBUG:Caching OCSP response.
DEBUG:OCSP cert status: <OCSPCertStatus.GOOD: 0>
DEBUG:Peer did not staple an OCSP response
DEBUG:Requesting OCSP data
DEBUG:Trying http://r3.o.lencr.org
DEBUG:Using cached OCSP response.
DEBUG:OCSP cert status: <OCSPCertStatus.GOOD: 0>
DEBUG:Starting new HTTPS connection (1): ant.aliceblueonline.com:443
DEBUG:https://ant.aliceblueonline.com:443 "POST /rest/AliceBlueAPIService/api/placeOrder/executePlaceOrder HTTP/1.1" 200 42
DEBUG:Peer did not staple an OCSP response
DEBUG:Requesting OCSP data
DEBUG:Peer did not staple an OCSP response
DEBUG:Trying http://r3.o.lencr.org
DEBUG:Requesting OCSP data
DEBUG:Trying http://r3.o.lencr.org
DEBUG:Starting new HTTP connection (1): r3.o.lencr.org:80
DEBUG:Starting new HTTP connection (1): r3.o.lencr.org:80
DEBUG:Peer did not staple an OCSP response
DEBUG:Requesting OCSP data
DEBUG:Trying http://r3.o.lencr.org
DEBUG:Starting new HTTP connection (1): r3.o.lencr.org:80
DEBUG:http://r3.o.lencr.org:80 "POST / HTTP/1.1" 200 503
DEBUG:OCSP response status: <OCSPResponseStatus.SUCCESSFUL: 0>
DEBUG:Verifying response
DEBUG:Responder is issuer
DEBUG:Caching OCSP response.
DEBUG:OCSP cert status: <OCSPCertStatus.GOOD: 0>
DEBUG:http://r3.o.lencr.org:80 "POST / HTTP/1.1" 200 503
DEBUG:OCSP response status: <OCSPResponseStatus.SUCCESSFUL: 0>
DEBUG:Verifying response
DEBUG:Responder is issuer
DEBUG:Caching OCSP response.
DEBUG:OCSP cert status: <OCSPCertStatus.GOOD: 0>
DEBUG:http://r3.o.lencr.org:80 "POST / HTTP/1.1" 200 503
DEBUG:OCSP response status: <OCSPResponseStatus.SUCCESSFUL: 0>
DEBUG:Verifying response
DEBUG:Responder is issuer
DEBUG:Caching OCSP response.
DEBUG:OCSP cert status: <OCSPCertStatus.GOOD: 0>
DEBUG:Peer did not staple an OCSP response
DEBUG:Requesting OCSP data
DEBUG:Trying http://r3.o.lencr.org
DEBUG:Using cached OCSP response.
DEBUG:OCSP cert status: <OCSPCertStatus.GOOD: 0>
DEBUG:Peer did not staple an OCSP response
DEBUG:Requesting OCSP data
DEBUG:Trying http://r3.o.lencr.org
DEBUG:Using cached OCSP response.
DEBUG:OCSP cert status: <OCSPCertStatus.GOOD: 0>
DEBUG:Peer did not staple an OCSP response
DEBUG:Requesting OCSP data
DEBUG:Trying http://r3.o.lencr.org
DEBUG:Using cached OCSP response.
DEBUG:OCSP cert status: <OCSPCertStatus.GOOD: 0>
DEBUG:Peer did not staple an OCSP response
DEBUG:Requesting OCSP data
DEBUG:Trying http://r3.o.lencr.org
DEBUG:Using cached OCSP response.
DEBUG:OCSP cert status: <OCSPCertStatus.GOOD: 0>
DEBUG:This message should appear on the console
INFO:So should this
WARNING:And this, too
DEBUG:Starting new HTTPS connection (1): api.kite.trade:443
DEBUG:https://api.kite.trade:443 "GET / HTTP/1.1" 200 None
DEBUG:Starting new HTTPS connection (1): ant.aliceblueonline.com:443
DEBUG:https://ant.aliceblueonline.com:443 "POST /rest/AliceBlueAPIService/api/customer/getAPIEncpkey HTTP/1.1" 200 None
DEBUG:Starting new HTTPS connection (1): ant.aliceblueonline.com:443
DEBUG:https://ant.aliceblueonline.com:443 "POST /rest/AliceBlueAPIService/api/customer/getUserSID HTTP/1.1" 200 None
DEBUG:Running job Job(interval=1, unit=days, do=createshortstraddlebnf, args=(), kwargs={})
DEBUG:https://api.kite.trade:443 "GET /quote?i=NFO%3ABANKNIFTY23MARFUT HTTP/1.1" 200 None
DEBUG:Starting new HTTPS connection (1): ant.aliceblueonline.com:443
DEBUG:https://ant.aliceblueonline.com:443 "POST /rest/AliceBlueAPIService/api/ScripDetails/getScripQuoteDetails HTTP/1.1" 200 None
DEBUG:Starting new HTTPS connection (1): ant.aliceblueonline.com:443
DEBUG:https://ant.aliceblueonline.com:443 "POST /rest/AliceBlueAPIService/api/ScripDetails/getScripQuoteDetails HTTP/1.1" 200 None
DEBUG:Starting new HTTPS connection (1): ant.aliceblueonline.com:443
DEBUG:https://ant.aliceblueonline.com:443 "POST /rest/AliceBlueAPIService/api/placeOrder/executePlaceOrder HTTP/1.1" 200 42
DEBUG:Peer did not staple an OCSP response
DEBUG:Requesting OCSP data
DEBUG:Trying http://r3.o.lencr.org
DEBUG:Peer did not staple an OCSP response
DEBUG:Requesting OCSP data
DEBUG:Trying http://r3.o.lencr.org
DEBUG:Peer did not staple an OCSP response
DEBUG:Requesting OCSP data
DEBUG:Trying http://r3.o.lencr.org
DEBUG:Starting new HTTP connection (1): r3.o.lencr.org:80
DEBUG:Starting new HTTP connection (1): r3.o.lencr.org:80
DEBUG:Starting new HTTP connection (1): r3.o.lencr.org:80
DEBUG:http://r3.o.lencr.org:80 "POST / HTTP/1.1" 200 503
DEBUG:OCSP response status: <OCSPResponseStatus.SUCCESSFUL: 0>
DEBUG:Verifying response
DEBUG:Responder is issuer
DEBUG:Caching OCSP response.
DEBUG:OCSP cert status: <OCSPCertStatus.GOOD: 0>
DEBUG:http://r3.o.lencr.org:80 "POST / HTTP/1.1" 200 503
DEBUG:OCSP response status: <OCSPResponseStatus.SUCCESSFUL: 0>
DEBUG:Verifying response
DEBUG:Responder is issuer
DEBUG:http://r3.o.lencr.org:80 "POST / HTTP/1.1" 200 503
DEBUG:OCSP response status: <OCSPResponseStatus.SUCCESSFUL: 0>
DEBUG:Verifying response
DEBUG:Responder is issuer
DEBUG:Caching OCSP response.
DEBUG:OCSP cert status: <OCSPCertStatus.GOOD: 0>
DEBUG:Caching OCSP response.
DEBUG:OCSP cert status: <OCSPCertStatus.GOOD: 0>
DEBUG:Peer did not staple an OCSP response
DEBUG:Requesting OCSP data
DEBUG:Trying http://r3.o.lencr.org
DEBUG:Using cached OCSP response.
DEBUG:OCSP cert status: <OCSPCertStatus.GOOD: 0>
DEBUG:Peer did not staple an OCSP response
DEBUG:Requesting OCSP data
DEBUG:Trying http://r3.o.lencr.org
DEBUG:Using cached OCSP response.
DEBUG:OCSP cert status: <OCSPCertStatus.GOOD: 0>
DEBUG:Peer did not staple an OCSP response
DEBUG:Requesting OCSP data
DEBUG:Trying http://r3.o.lencr.org
DEBUG:Using cached OCSP response.
DEBUG:OCSP cert status: <OCSPCertStatus.GOOD: 0>
DEBUG:Peer did not staple an OCSP response
DEBUG:Requesting OCSP data
DEBUG:Trying http://r3.o.lencr.org
DEBUG:Using cached OCSP response.
DEBUG:OCSP cert status: <OCSPCertStatus.GOOD: 0>
DEBUG:Starting new HTTPS connection (1): ant.aliceblueonline.com:443
DEBUG:https://ant.aliceblueonline.com:443 "POST /rest/AliceBlueAPIService/api/placeOrder/executePlaceOrder HTTP/1.1" 200 42
DEBUG:Peer did not staple an OCSP response
DEBUG:Requesting OCSP data
DEBUG:Trying http://r3.o.lencr.org
DEBUG:Starting new HTTP connection (1): r3.o.lencr.org:80
DEBUG:Peer did not staple an OCSP response
DEBUG:Requesting OCSP data
DEBUG:Trying http://r3.o.lencr.org
DEBUG:Starting new HTTP connection (1): r3.o.lencr.org:80
DEBUG:Peer did not staple an OCSP response
DEBUG:Requesting OCSP data
DEBUG:Trying http://r3.o.lencr.org
DEBUG:Starting new HTTP connection (1): r3.o.lencr.org:80
DEBUG:http://r3.o.lencr.org:80 "POST / HTTP/1.1" 200 503
DEBUG:OCSP response status: <OCSPResponseStatus.SUCCESSFUL: 0>
DEBUG:Verifying response
DEBUG:Responder is issuer
DEBUG:http://r3.o.lencr.org:80 "POST / HTTP/1.1" 200 503
DEBUG:http://r3.o.lencr.org:80 "POST / HTTP/1.1" 200 503
DEBUG:OCSP response status: <OCSPResponseStatus.SUCCESSFUL: 0>
DEBUG:OCSP response status: <OCSPResponseStatus.SUCCESSFUL: 0>
DEBUG:Verifying response
DEBUG:Verifying response
DEBUG:Caching OCSP response.
DEBUG:Responder is issuer
DEBUG:Responder is issuer
DEBUG:OCSP cert status: <OCSPCertStatus.GOOD: 0>
DEBUG:Caching OCSP response.
DEBUG:OCSP cert status: <OCSPCertStatus.GOOD: 0>
DEBUG:Caching OCSP response.
DEBUG:OCSP cert status: <OCSPCertStatus.GOOD: 0>
DEBUG:Peer did not staple an OCSP response
DEBUG:Requesting OCSP data
DEBUG:Trying http://r3.o.lencr.org
DEBUG:Using cached OCSP response.
DEBUG:OCSP cert status: <OCSPCertStatus.GOOD: 0>
DEBUG:Peer did not staple an OCSP response
DEBUG:Requesting OCSP data
DEBUG:Trying http://r3.o.lencr.org
DEBUG:Peer did not staple an OCSP response
DEBUG:Using cached OCSP response.
DEBUG:Requesting OCSP data
DEBUG:Peer did not staple an OCSP response
DEBUG:OCSP cert status: <OCSPCertStatus.GOOD: 0>
DEBUG:Trying http://r3.o.lencr.org
DEBUG:Requesting OCSP data
DEBUG:Using cached OCSP response.
DEBUG:Trying http://r3.o.lencr.org
DEBUG:OCSP cert status: <OCSPCertStatus.GOOD: 0>
DEBUG:Using cached OCSP response.
DEBUG:OCSP cert status: <OCSPCertStatus.GOOD: 0>
DEBUG:This message should appear on the console
INFO:So should this
WARNING:And this, too
DEBUG:Starting new HTTPS connection (1): api.kite.trade:443
DEBUG:https://api.kite.trade:443 "GET / HTTP/1.1" 200 None
DEBUG:Starting new HTTPS connection (1): ant.aliceblueonline.com:443
DEBUG:https://ant.aliceblueonline.com:443 "POST /rest/AliceBlueAPIService/api/customer/getAPIEncpkey HTTP/1.1" 200 None
DEBUG:Starting new HTTPS connection (1): ant.aliceblueonline.com:443
DEBUG:https://ant.aliceblueonline.com:443 "POST /rest/AliceBlueAPIService/api/customer/getUserSID HTTP/1.1" 200 None
DEBUG:Running job Job(interval=1, unit=days, do=createshortstraddlebnf, args=(), kwargs={})
DEBUG:https://api.kite.trade:443 "GET /quote?i=NFO%3ABANKNIFTY23MARFUT HTTP/1.1" 200 None
DEBUG:Starting new HTTPS connection (1): ant.aliceblueonline.com:443
DEBUG:https://ant.aliceblueonline.com:443 "POST /rest/AliceBlueAPIService/api/ScripDetails/getScripQuoteDetails HTTP/1.1" 200 None
DEBUG:Starting new HTTPS connection (1): ant.aliceblueonline.com:443
DEBUG:https://ant.aliceblueonline.com:443 "POST /rest/AliceBlueAPIService/api/ScripDetails/getScripQuoteDetails HTTP/1.1" 200 None
DEBUG:Starting new HTTPS connection (1): ant.aliceblueonline.com:443
DEBUG:https://ant.aliceblueonline.com:443 "POST /rest/AliceBlueAPIService/api/placeOrder/executePlaceOrder HTTP/1.1" 200 42
DEBUG:Peer did not staple an OCSP response
DEBUG:Requesting OCSP data
DEBUG:Trying http://r3.o.lencr.org
DEBUG:Peer did not staple an OCSP response
DEBUG:Requesting OCSP data
DEBUG:Trying http://r3.o.lencr.org
DEBUG:Starting new HTTP connection (1): r3.o.lencr.org:80
DEBUG:Starting new HTTP connection (1): r3.o.lencr.org:80
DEBUG:Peer did not staple an OCSP response
DEBUG:Requesting OCSP data
DEBUG:Trying http://r3.o.lencr.org
DEBUG:Starting new HTTP connection (1): r3.o.lencr.org:80
DEBUG:http://r3.o.lencr.org:80 "POST / HTTP/1.1" 200 503
DEBUG:OCSP response status: <OCSPResponseStatus.SUCCESSFUL: 0>
DEBUG:Verifying response
DEBUG:Responder is issuer
DEBUG:Caching OCSP response.
DEBUG:OCSP cert status: <OCSPCertStatus.GOOD: 0>
DEBUG:http://r3.o.lencr.org:80 "POST / HTTP/1.1" 200 503
DEBUG:OCSP response status: <OCSPResponseStatus.SUCCESSFUL: 0>
DEBUG:Verifying response
DEBUG:Responder is issuer
DEBUG:Caching OCSP response.
DEBUG:OCSP cert status: <OCSPCertStatus.GOOD: 0>
DEBUG:http://r3.o.lencr.org:80 "POST / HTTP/1.1" 200 503
DEBUG:OCSP response status: <OCSPResponseStatus.SUCCESSFUL: 0>
DEBUG:Verifying response
DEBUG:Responder is issuer
DEBUG:Caching OCSP response.
DEBUG:OCSP cert status: <OCSPCertStatus.GOOD: 0>
DEBUG:Peer did not staple an OCSP response
DEBUG:Requesting OCSP data
DEBUG:Trying http://r3.o.lencr.org
DEBUG:Using cached OCSP response.
DEBUG:OCSP cert status: <OCSPCertStatus.GOOD: 0>
DEBUG:Peer did not staple an OCSP response
DEBUG:Requesting OCSP data
DEBUG:Trying http://r3.o.lencr.org
DEBUG:Using cached OCSP response.
DEBUG:OCSP cert status: <OCSPCertStatus.GOOD: 0>
DEBUG:Peer did not staple an OCSP response
DEBUG:Requesting OCSP data
DEBUG:Trying http://r3.o.lencr.org
DEBUG:Using cached OCSP response.
DEBUG:OCSP cert status: <OCSPCertStatus.GOOD: 0>
DEBUG:Peer did not staple an OCSP response
DEBUG:Requesting OCSP data
DEBUG:Trying http://r3.o.lencr.org
DEBUG:Using cached OCSP response.
DEBUG:OCSP cert status: <OCSPCertStatus.GOOD: 0>
DEBUG:Starting new HTTPS connection (1): ant.aliceblueonline.com:443
DEBUG:https://ant.aliceblueonline.com:443 "POST /rest/AliceBlueAPIService/api/placeOrder/executePlaceOrder HTTP/1.1" 200 42
DEBUG:Peer did not staple an OCSP response
DEBUG:Requesting OCSP data
DEBUG:Trying http://r3.o.lencr.org
DEBUG:Starting new HTTP connection (1): r3.o.lencr.org:80
DEBUG:Peer did not staple an OCSP response
DEBUG:Requesting OCSP data
DEBUG:Trying http://r3.o.lencr.org
DEBUG:Starting new HTTP connection (1): r3.o.lencr.org:80
DEBUG:Peer did not staple an OCSP response
DEBUG:Requesting OCSP data
DEBUG:Trying http://r3.o.lencr.org
DEBUG:Starting new HTTP connection (1): r3.o.lencr.org:80
DEBUG:http://r3.o.lencr.org:80 "POST / HTTP/1.1" 200 503
DEBUG:OCSP response status: <OCSPResponseStatus.SUCCESSFUL: 0>
DEBUG:Verifying response
DEBUG:Responder is issuer
DEBUG:http://r3.o.lencr.org:80 "POST / HTTP/1.1" 200 503
DEBUG:OCSP response status: <OCSPResponseStatus.SUCCESSFUL: 0>
DEBUG:Verifying response
DEBUG:Responder is issuer
DEBUG:Caching OCSP response.
DEBUG:OCSP cert status: <OCSPCertStatus.GOOD: 0>
DEBUG:http://r3.o.lencr.org:80 "POST / HTTP/1.1" 200 503
DEBUG:OCSP response status: <OCSPResponseStatus.SUCCESSFUL: 0>
DEBUG:Verifying response
DEBUG:Responder is issuer
DEBUG:Caching OCSP response.
DEBUG:OCSP cert status: <OCSPCertStatus.GOOD: 0>
DEBUG:Caching OCSP response.
DEBUG:OCSP cert status: <OCSPCertStatus.GOOD: 0>
DEBUG:Peer did not staple an OCSP response
DEBUG:Requesting OCSP data
DEBUG:Trying http://r3.o.lencr.org
DEBUG:Using cached OCSP response.
DEBUG:OCSP cert status: <OCSPCertStatus.GOOD: 0>
DEBUG:Peer did not staple an OCSP response
DEBUG:Requesting OCSP data
DEBUG:Trying http://r3.o.lencr.org
DEBUG:Using cached OCSP response.
DEBUG:OCSP cert status: <OCSPCertStatus.GOOD: 0>
DEBUG:Peer did not staple an OCSP response
DEBUG:Requesting OCSP data
DEBUG:Trying http://r3.o.lencr.org
DEBUG:Using cached OCSP response.
DEBUG:OCSP cert status: <OCSPCertStatus.GOOD: 0>
DEBUG:Peer did not staple an OCSP response
DEBUG:Requesting OCSP data
DEBUG:Trying http://r3.o.lencr.org
DEBUG:Using cached OCSP response.
DEBUG:OCSP cert status: <OCSPCertStatus.GOOD: 0>
DEBUG:This message should appear on the console
INFO:So should this
WARNING:And this, too
DEBUG:Starting new HTTPS connection (1): api.kite.trade:443
DEBUG:https://api.kite.trade:443 "GET / HTTP/1.1" 200 None
DEBUG:https://api.kite.trade:443 "GET /quote?i=NFO%3ABANKNIFTY23APRFUT HTTP/1.1" 200 None
DEBUG:This message should appear on the console
INFO:So should this
WARNING:And this, too
DEBUG:Starting new HTTPS connection (1): api.kite.trade:443
DEBUG:https://api.kite.trade:443 "GET / HTTP/1.1" 200 None
DEBUG:https://api.kite.trade:443 "GET /quote?i=NFO%3ABANKNIFTY27APRFUT HTTP/1.1" 200 30
DEBUG:This message should appear on the console
INFO:So should this
WARNING:And this, too
DEBUG:Starting new HTTPS connection (1): api.kite.trade:443
DEBUG:https://api.kite.trade:443 "GET / HTTP/1.1" 200 None
DEBUG:https://api.kite.trade:443 "GET /quote?i=NFO%3ABANKNIFTY25MAYFUT HTTP/1.1" 200 30
DEBUG:This message should appear on the console
INFO:So should this
WARNING:And this, too
DEBUG:Starting new HTTPS connection (1): api.kite.trade:443
DEBUG:https://api.kite.trade:443 "GET / HTTP/1.1" 200 None
DEBUG:https://api.kite.trade:443 "GET /quote?i=NFO%3ABANKNIFTY29MARFUT HTTP/1.1" 200 30
