Alice_Blue_API.py...execution started now.....
Order placed successfully, orderId = 230301000000311
230301000000311
order for CE sell placed at - 395.00
Order placed successfully, orderId = 230301000000316
230301000000316
order for PE sell placed at - 386.75
Alice_Blue_API.py...execution started now.....
03/01/2023 10:59:15 AM Alice_Blue_API.py...execution started now.....
03/01/2023 11:03:26 AM Alice_Blue_API.py...execution started now.....
03/01/2023 11:31:29 AM Order placed successfully, orderId = 230301000117351
03/01/2023 11:31:29 AM 230301000117351
03/01/2023 11:31:29 AM order for CE sell placed at - 385.30
03/01/2023 11:32:08 AM Order placed successfully, orderId = 230301000117730
03/01/2023 11:32:08 AM 230301000117730
03/01/2023 11:32:08 AM order for PE sell placed at - 333.30
03/01/2023 12:31:41 PM Order placed successfully, orderId = 230301000150695
03/01/2023 12:31:41 PM 230301000150695
03/01/2023 12:31:41 PM order for CE sell placed at - 371.00
03/01/2023 12:32:18 PM Order placed successfully, orderId = 230301000150984
03/01/2023 12:32:18 PM 230301000150984
03/01/2023 12:32:18 PM order for PE sell placed at - 335.35
03/01/2023 04:23:51 PM Alice_Blue_API.py...execution started now.....
03/01/2023 05:44:32 PM Alice_Blue_API.py...execution started now.....
03/01/2023 05:46:06 PM Order placed successfully, orderId = 230301000239227
03/01/2023 05:46:06 PM 230301000239227
03/01/2023 05:46:06 PM order for {BANKNIFTY2330240400CE} - CE sell placed at -{360.00} 
03/01/2023 05:46:44 PM Order placed successfully, orderId = 230301000239243
03/01/2023 05:46:44 PM 230301000239243
03/01/2023 05:46:44 PM order for {BANKNIFTY2330241000PE} - PE sell placed at - {305.00}
03/01/2023 08:41:45 PM Alice_Blue_API.py...execution started now.....
03/01/2023 08:43:07 PM Order placed successfully, orderId = 230301000244615
03/01/2023 08:43:07 PM 230301000244615
03/01/2023 08:43:07 PM order for {BANKNIFTY2330240400CE} - CE sell placed at -{360.00} 
03/01/2023 08:43:46 PM Order placed successfully, orderId = 230301000244632
03/01/2023 08:43:46 PM 230301000244632
03/01/2023 08:43:46 PM order for {BANKNIFTY2330241000PE} - PE sell placed at - {305.00}
03/01/2023 08:48:03 PM Alice_Blue_API.py...execution started now.....
03/01/2023 08:51:35 PM Alice_Blue_API.py...execution started now.....
03/01/2023 08:53:07 PM Order placed successfully, orderId = 230301000244930
03/01/2023 08:53:07 PM 230301000244930
03/01/2023 08:53:07 PM order for {BANKNIFTY2330240400CE} - CE sell placed at -{360.00} 
03/01/2023 08:53:45 PM Order placed successfully, orderId = 230301000244949
03/01/2023 08:53:45 PM 230301000244949
03/01/2023 08:53:45 PM order for {BANKNIFTY2330241000PE} - PE sell placed at - {305.00}
03/01/2023 08:56:56 PM Alice_Blue_API.py...execution started now.....
03/01/2023 08:58:06 PM Order placed successfully, orderId = 230301000245075
03/01/2023 08:58:06 PM 230301000245075
03/01/2023 08:58:06 PM order for {BANKNIFTY2330240400CE} - CE sell placed at -{360.00} 
03/01/2023 08:58:45 PM Order placed successfully, orderId = 230301000245093
03/01/2023 08:58:45 PM 230301000245093
03/01/2023 08:58:45 PM order for {BANKNIFTY2330241000PE} - PE sell placed at - {305.00}
03/01/2023 09:06:52 PM Alice_Blue_API.py...execution started now.....
03/01/2023 09:08:06 PM Order placed successfully, orderId = 230301000245497
03/01/2023 09:08:06 PM 230301000245497
03/01/2023 09:08:06 PM order for {BANKNIFTY2330240400CE} - CE sell placed at -{360.00} 
03/01/2023 09:08:43 PM Order placed successfully, orderId = 230301000245544
03/01/2023 09:08:43 PM 230301000245544
03/01/2023 09:08:43 PM order for {BANKNIFTY2330241000PE} - PE sell placed at - {305.00}
03/01/2023 09:23:08 PM latest premium for {BANKNIFTY2330240400CE} - CE sell value now  - {360.00} - placed at - {0930}
03/01/2023 09:23:11 PM latest premium for {BANKNIFTY2330241000PE} - PE sell value now - {305.00} - placed at - {0930}
03/01/2023 09:39:16 PM latest premium for {BANKNIFTY2330240400CE} - CE sell value now  - {360.00} - placed at - {0930}
03/01/2023 09:39:18 PM latest premium for {BANKNIFTY2330241000PE} - PE sell value now - {305.00} - placed at - {0930}
03/01/2023 09:55:17 PM latest premium for {BANKNIFTY2330240400CE} - CE sell value now  - {360.00} - placed at - {0930}
03/01/2023 09:55:19 PM latest premium for {BANKNIFTY2330241000PE} - PE sell value now - {305.00} - placed at - {0930}
03/01/2023 10:11:29 PM Order placed successfully, orderId = 230301000247614
03/01/2023 10:11:29 PM 230301000247614
03/01/2023 10:11:29 PM order for {BANKNIFTY2330240400CE} - CE sell placed at -{360.00} 
03/01/2023 10:12:05 PM Order placed successfully, orderId = 230301000247636
03/01/2023 10:12:05 PM 230301000247636
03/01/2023 10:12:05 PM order for {BANKNIFTY2330241000PE} - PE sell placed at - {305.00}
03/01/2023 10:13:31 PM latest premium for {BANKNIFTY2330240400CE} - CE sell value now  - {360.00} - placed at - {0930}
03/01/2023 10:13:32 PM latest premium for {BANKNIFTY2330241000PE} - PE sell value now - {305.00} - placed at - {0930}
03/01/2023 10:14:21 PM latest premium for {BANKNIFTY2330240400CE} - CE sell value now  - {360.00} - placed at - {1030}
03/01/2023 10:14:22 PM latest premium for {BANKNIFTY2330241000PE} - PE sell value now - {305.00} - placed at - {1030}
03/01/2023 10:30:51 PM latest premium for {BANKNIFTY2330240400CE} - CE sell value now  - {360.00} - placed at - {0930}
03/01/2023 10:30:51 PM latest premium for {BANKNIFTY2330241000PE} - PE sell value now - {305.00} - placed at - {0930}
03/01/2023 10:34:16 PM latest premium for {BANKNIFTY2330240400CE} - CE sell value now  - {360.00} - placed at - {1030}
03/01/2023 10:34:18 PM latest premium for {BANKNIFTY2330241000PE} - PE sell value now - {305.00} - placed at - {1030}
