03/02/2023 09:13:45 AM Alice_Blue_API.py...execution started now.....
03/02/2023 09:17:08 AM Order placed successfully, orderId = 230302000007601
03/02/2023 09:17:08 AM 230302000007601
03/02/2023 09:17:08 AM order for {BANKNIFTY2330240400CE} - CE sell placed at -{365.55} 
03/02/2023 09:17:48 AM Order placed successfully, orderId = 230302000009115
03/02/2023 09:17:48 AM 230302000009115
03/02/2023 09:17:48 AM order for {BANKNIFTY2330241000PE} - PE sell placed at - {309.30}
03/02/2023 09:27:27 AM Order placed successfully, orderId = 230302000027918
03/02/2023 09:27:27 AM 230302000027918
03/02/2023 09:27:27 AM order for {BANKNIFTY2330240300CE} - CE sell placed at -{364.00} 
03/02/2023 09:28:02 AM Order placed successfully, orderId = 230302000028930
03/02/2023 09:28:02 AM 230302000028930
03/02/2023 09:28:02 AM order for {BANKNIFTY2330240900PE} - PE sell placed at - {292.35}
03/02/2023 09:33:07 AM Order placed successfully, orderId = 230302000038689
03/02/2023 09:33:07 AM 230302000038689
03/02/2023 09:33:07 AM order for {BANKNIFTY2330240300CE} - CE sell placed at -{316.65} 
03/02/2023 09:33:51 AM Order placed successfully, orderId = 230302000039624
03/02/2023 09:33:51 AM 230302000039624
03/02/2023 09:33:51 AM order for {BANKNIFTY2330240900PE} - PE sell placed at - {336.10}
03/02/2023 10:39:39 AM Order placed successfully, orderId = 230302000100807
03/02/2023 10:39:39 AM 230302000100807
03/02/2023 10:39:39 AM order for {BANKNIFTY2330240400CE} - CE sell placed at -{289.55} 
03/02/2023 10:40:19 AM Order placed successfully, orderId = 230302000101462
03/02/2023 10:40:20 AM 230302000101462
03/02/2023 10:40:20 AM order for {BANKNIFTY2330241000PE} - PE sell placed at - {345.30}
03/02/2023 11:54:03 AM Alice_Blue_API.py...execution started now.....
03/02/2023 04:49:51 PM Alice_Blue_API.py...execution started now.....
03/02/2023 05:12:57 PM Alice_Blue_API.py...execution started now.....
03/02/2023 05:14:53 PM Order placed successfully, orderId = 230302000308585
03/02/2023 05:15:09 PM 230302000308585
03/02/2023 05:15:11 PM order for {BANKNIFTY2330240100CE} - CE sell placed at -{289.05} 
03/02/2023 05:16:17 PM Order placed successfully, orderId = 230302000308619
03/02/2023 05:16:21 PM 230302000308619
03/02/2023 05:16:24 PM order for {BANKNIFTY2330240700PE} - PE sell placed at - {309.60}
03/02/2023 11:22:28 PM Alice_Blue_API.py...execution started now.....
03/02/2023 11:24:19 PM Order placed successfully, orderId = 230302000318162
03/02/2023 11:24:22 PM 230302000318162
03/02/2023 11:24:26 PM order for {BANKNIFTY2330240100CE} - CE sell placed at -{289.05} 
03/02/2023 11:25:08 PM Order placed successfully, orderId = 230302000318175
03/02/2023 11:25:11 PM 230302000318175
03/02/2023 11:25:13 PM order for {BANKNIFTY2330240700PE} - PE sell placed at - {309.60}
