03/03/2023 09:28:24 AM Alice_Blue_API.py...execution started now.....
03/03/2023 09:31:43 AM Alice_Blue_API.py...execution started now.....
03/03/2023 09:34:25 AM Order placed successfully, orderId = 230303000030454
03/03/2023 09:34:31 AM 230303000030454
03/03/2023 09:34:31 AM order for {BANKNIFTY2330940500CE} - CE sell placed at -{452.35} 
03/03/2023 09:35:11 AM Order placed successfully, orderId = 230303000031859
03/03/2023 09:35:11 AM 230303000031859
03/03/2023 09:35:11 AM order for {BANKNIFTY2330941100PE} - PE sell placed at - {410.25}
03/03/2023 09:44:48 AM Alice_Blue_API.py...execution started now.....
03/03/2023 09:46:14 AM Order placed successfully, orderId = 230303000041556
03/03/2023 09:46:14 AM 230303000041556
03/03/2023 09:46:14 AM order for {BANKNIFTY2330940500CE} - CE sell placed at -{475.90} 
03/03/2023 09:46:55 AM Order placed successfully, orderId = 230303000041990
03/03/2023 09:46:55 AM 230303000041990
03/03/2023 09:46:55 AM order for {BANKNIFTY2330941100PE} - PE sell placed at - {385.60}
03/03/2023 09:58:27 AM Alice_Blue_API.py...execution started now.....
03/03/2023 10:37:25 AM Alice_Blue_API.py...execution started now.....
03/03/2023 10:46:35 AM Order placed successfully, orderId = 230303000090310
03/03/2023 10:46:35 AM 230303000090310
03/03/2023 10:46:35 AM order for {BANKNIFTY2330940800CE} - CE sell placed at -{493.75} 
03/03/2023 10:47:17 AM Order placed successfully, orderId = 230303000091380
03/03/2023 10:47:17 AM 230303000091380
03/03/2023 10:47:17 AM order for {BANKNIFTY2330941400PE} - PE sell placed at - {410.55}
03/03/2023 11:00:54 AM Alice_Blue_API.py...execution started now.....
03/03/2023 11:11:40 AM Alice_Blue_API.py...execution started now.....
03/03/2023 11:14:54 AM Order placed successfully, orderId = 230303000108837
03/03/2023 11:14:54 AM 230303000108837
03/03/2023 11:14:54 AM order for {BANKNIFTY2330940800CE} - CE sell placed at -{535.75} 
03/03/2023 11:15:32 AM Order placed successfully, orderId = 230303000109163
03/03/2023 11:15:32 AM 230303000109163
03/03/2023 11:15:32 AM order for {BANKNIFTY2330941400PE} - PE sell placed at - {387.00}
03/03/2023 11:26:50 AM Alice_Blue_API.py...execution started now.....
03/03/2023 11:38:27 AM Alice_Blue_API.py...execution started now.....
03/03/2023 12:32:27 PM Alice_Blue_API.py...execution started now.....
03/03/2023 12:49:14 PM Alice_Blue_API.py...execution started now.....
03/03/2023 12:57:30 PM Order placed successfully, orderId = 230303000153724
03/03/2023 12:57:30 PM 230303000153724
03/03/2023 12:57:30 PM order for {BANKNIFTY2330940900CE} - CE sell placed at -{471.80} 
03/03/2023 12:58:10 PM Order placed successfully, orderId = 230303000153983
03/03/2023 12:58:10 PM 230303000153983
03/03/2023 12:58:10 PM order for {BANKNIFTY2330941500PE} - PE sell placed at - {431.10}
03/03/2023 04:45:57 PM Alice_Blue_API.py...execution started now.....
03/03/2023 04:48:00 PM Order placed successfully, orderId = 230303000224578
03/03/2023 04:48:05 PM 230303000224578
03/03/2023 04:48:08 PM order for {BANKNIFTY2330940900CE} - CE sell placed at -{476.45} 
03/03/2023 04:48:54 PM Order placed successfully, orderId = 230303000224599
03/03/2023 04:49:00 PM 230303000224599
03/03/2023 04:49:04 PM order for {BANKNIFTY2330941500PE} - PE sell placed at - {380.10}
03/03/2023 05:04:35 PM Alice_Blue_API.py...execution started now.....
03/03/2023 05:07:12 PM Order placed successfully, orderId = 230303000224970
03/03/2023 05:07:22 PM 230303000224970
03/03/2023 05:07:26 PM  Stop Loss Order for BANKNIFTY2330940500CE - CE buy placed at -813.0
03/03/2023 05:12:14 PM Alice_Blue_API.py...execution started now.....
03/03/2023 05:18:03 PM Order placed successfully, orderId = 230303000225113
03/03/2023 05:18:15 PM 230303000225113
03/03/2023 05:18:20 PM  Stop Loss Order for BANKNIFTY2330940500CE - CE buy placed at -813.0
03/03/2023 05:20:02 PM Order placed successfully, orderId = 230303000225150
03/03/2023 05:20:20 PM 230303000225150
03/03/2023 05:20:24 PM  Stop Loss Order for BANKNIFTY2330941100PE - CE buy placed at -186.0
03/03/2023 05:21:42 PM Order placed successfully, orderId = 230303000225174
03/03/2023 05:22:05 PM 230303000225174
03/03/2023 05:22:07 PM  Stop Loss Order for BANKNIFTY2330940500CE - CE buy placed at -813.0
03/03/2023 05:23:07 PM Order placed successfully, orderId = 230303000225205
03/03/2023 05:23:07 PM 230303000225205
03/03/2023 05:23:07 PM  Stop Loss Order for BANKNIFTY2330941100PE - CE buy placed at -186.0
03/03/2023 05:24:18 PM Order placed successfully, orderId = 230303000225224
03/03/2023 05:24:18 PM 230303000225224
03/03/2023 05:24:18 PM  Stop Loss Order for BANKNIFTY2330940800CE - CE buy placed at -552.65
03/03/2023 05:25:09 PM Order placed successfully, orderId = 230303000225237
03/03/2023 05:25:09 PM 230303000225237
03/03/2023 05:25:09 PM  Stop Loss Order for BANKNIFTY2330941400PE - CE buy placed at -325.0
03/03/2023 05:26:01 PM Order placed successfully, orderId = 230303000225251
03/03/2023 05:26:01 PM 230303000225251
03/03/2023 05:26:01 PM  Stop Loss Order for BANKNIFTY2330940800CE - CE buy placed at -552.65
03/03/2023 05:26:47 PM Order placed successfully, orderId = 230303000225262
03/03/2023 05:26:47 PM 230303000225262
03/03/2023 05:26:47 PM  Stop Loss Order for BANKNIFTY2330941400PE - CE buy placed at -325.0
03/03/2023 05:28:01 PM Order placed successfully, orderId = 230303000225278
03/03/2023 05:28:01 PM 230303000225278
03/03/2023 05:28:01 PM  Stop Loss Order for BANKNIFTY2330941500PE - CE buy placed at -380.1
03/03/2023 06:47:43 PM Alice_Blue_API.py...execution started now.....
03/03/2023 07:11:18 PM Alice_Blue_API.py...execution started now.....
03/03/2023 10:59:21 PM Alice_Blue_API.py...execution started now.....
03/03/2023 11:04:01 PM Alice_Blue_API.py...execution started now.....
03/04/2023 08:52:37 AM Alice_Blue_API.py...execution started now.....
03/04/2023 02:00:44 PM Alice_Blue_API.py...execution started now.....
03/04/2023 02:01:54 PM Alice_Blue_API.py...execution started now.....
03/04/2023 02:04:01 PM Order placed successfully, orderId = 230304000003927
03/04/2023 02:04:01 PM 230304000003927
03/04/2023 02:04:01 PM  Stop Loss Order for BANKNIFTY2330940900CE - CE buy placed at -303.7
03/04/2023 02:04:04 PM Order placed successfully, orderId = 230304000003928
03/04/2023 02:04:04 PM 230304000003928
03/04/2023 02:04:04 PM  Stop Loss Order for BANKNIFTY2330940900CE - CE buy placed at -303.7
03/04/2023 02:04:06 PM Order placed successfully, orderId = 230304000003929
03/04/2023 02:04:06 PM 230304000003929
03/04/2023 02:04:06 PM  Stop Loss Order for BANKNIFTY2330941500PE - CE buy placed at -450.0
