03/06/2023 09:15:59 AM Alice_Blue_API.py...execution started now.....
03/06/2023 10:31:32 AM Alice_Blue_API.py...execution started now.....
03/06/2023 11:44:30 AM Alice_Blue_API.py...execution started now.....
03/06/2023 11:46:07 AM Order placed successfully, orderId = 230306000140978
03/06/2023 11:46:07 AM 230306000140978
03/06/2023 11:46:07 AM order for {BANKNIFTY2330941100CE} - CE sell placed at -{433.50} 
03/06/2023 11:46:46 AM Order placed successfully, orderId = 230306000141326
03/06/2023 11:46:46 AM 230306000141326
03/06/2023 11:46:46 AM order for {BANKNIFTY2330941700PE} - PE sell placed at - {373.95}
03/06/2023 12:24:08 PM Alice_Blue_API.py...execution started now.....
03/06/2023 12:35:13 PM Alice_Blue_API.py...execution started now.....
03/06/2023 12:38:11 PM Order placed successfully, orderId = 230306000163817
03/06/2023 12:38:11 PM 230306000163817
03/06/2023 12:38:11 PM  Stop Loss Order for BANKNIFTY2330941100CE - CE buy placed at -401.0
03/06/2023 12:38:57 PM Order placed successfully, orderId = 230306000164048
03/06/2023 12:38:57 PM 230306000164048
03/06/2023 12:38:57 PM  Stop Loss Order for BANKNIFTY2330941700PE - CE buy placed at -397.55
03/06/2023 12:56:28 PM Order placed successfully, orderId = 230306000170489
03/06/2023 12:56:28 PM 230306000170489
03/06/2023 12:56:28 PM order for {BANKNIFTY2330941000CE} - CE sell placed at -{474.20} 
03/06/2023 12:57:03 PM Order placed successfully, orderId = 230306000170913
03/06/2023 12:57:03 PM 230306000170913
03/06/2023 12:57:03 PM order for {BANKNIFTY2330941600PE} - PE sell placed at - {350.10}
03/06/2023 12:58:37 PM Order placed successfully, orderId = 230306000171914
03/06/2023 12:58:37 PM 230306000171914
03/06/2023 12:58:37 PM  Stop Loss Order for BANKNIFTY2330941000CE - CE buy placed at -461.0
03/06/2023 12:59:21 PM Order placed successfully, orderId = 230306000172349
03/06/2023 12:59:21 PM 230306000172349
03/06/2023 12:59:21 PM  Stop Loss Order for BANKNIFTY2330941600PE - CE buy placed at -335.85
03/06/2023 02:52:57 PM Alice_Blue_API.py...execution started now.....
03/06/2023 03:30:01 PM Alice_Blue_API.py...execution started now.....
03/06/2023 03:34:18 PM Alice_Blue_API.py...execution started now.....
03/07/2023 08:55:47 AM Alice_Blue_API.py...execution started now.....
03/07/2023 09:05:48 AM Alice_Blue_API.py...execution started now.....
03/07/2023 09:09:46 AM Alice_Blue_API.py...execution started now.....
03/07/2023 09:21:58 AM Alice_Blue_API.py...execution started now.....
