03/08/2023 08:54:27 AM Alice_Blue_API.py...execution started now.....
03/08/2023 08:57:15 AM Order placed successfully, orderId = 230308000000541
03/08/2023 08:57:21 AM 230308000000541
03/08/2023 08:57:24 AM order for {BANKNIFTY2330941000CE} - CE sell placed at -{445.85} 
03/08/2023 08:58:04 AM Order placed successfully, orderId = 230308000000555
03/08/2023 08:58:04 AM 230308000000555
03/08/2023 08:58:04 AM order for {BANKNIFTY2330941600PE} - PE sell placed at - {321.20}
03/08/2023 09:02:24 AM Order placed successfully, orderId = 230308000000857
03/08/2023 09:02:24 AM 230308000000857
03/08/2023 09:02:24 AM order for {BANKNIFTY2330941000CE} - CE sell placed at -{445.85} 
03/08/2023 09:03:00 AM Order placed successfully, orderId = 230308000000917
03/08/2023 09:03:00 AM 230308000000917
03/08/2023 09:03:00 AM order for {BANKNIFTY2330941600PE} - PE sell placed at - {321.20}
03/08/2023 09:07:16 AM Order placed successfully, orderId = 230308000001173
03/08/2023 09:07:16 AM 230308000001173
03/08/2023 09:07:16 AM order for {BANKNIFTY2330941000CE} - CE sell placed at -{445.85} 
03/08/2023 09:07:52 AM Order placed successfully, orderId = 230308000001207
03/08/2023 09:07:52 AM 230308000001207
03/08/2023 09:07:52 AM order for {BANKNIFTY2330941600PE} - PE sell placed at - {321.20}
03/08/2023 09:15:26 AM Alice_Blue_API.py...execution started now.....
03/08/2023 09:18:24 AM Order placed successfully, orderId = 230308000010297
03/08/2023 09:18:24 AM 230308000010297
03/08/2023 09:18:24 AM  Stop Loss Order for BANKNIFTY2330941000CE - CE buy placed at -307.45
03/08/2023 09:19:09 AM Order placed successfully, orderId = 230308000011639
03/08/2023 09:19:09 AM 230308000011639
03/08/2023 09:19:09 AM  Stop Loss Order for BANKNIFTY2330941600PE - CE buy placed at -474.7
03/08/2023 09:19:54 AM Order placed successfully, orderId = 230308000013043
03/08/2023 09:19:54 AM 230308000013043
03/08/2023 09:19:54 AM  Stop Loss Order for BANKNIFTY2330941000CE - CE buy placed at -305.7
03/08/2023 09:20:38 AM Order placed successfully, orderId = 230308000015331
03/08/2023 09:20:38 AM 230308000015331
03/08/2023 09:20:38 AM  Stop Loss Order for BANKNIFTY2330941600PE - CE buy placed at -506.05
03/08/2023 10:34:42 AM Alice_Blue_API.py...execution started now.....
03/08/2023 10:38:03 AM Order placed successfully, orderId = 230308000093887
03/08/2023 10:38:03 AM 230308000093887
03/08/2023 10:38:03 AM  Stop Loss Order for BANKNIFTY2330941000CE - CE buy placed at -322.15
03/08/2023 10:38:56 AM Order placed successfully, orderId = 230308000094213
03/08/2023 10:38:56 AM 230308000094213
03/08/2023 10:38:56 AM  Stop Loss Order for BANKNIFTY2330941600PE - CE buy placed at -413.5
03/08/2023 10:53:09 AM Order placed successfully, orderId = 230308000101446
03/08/2023 10:53:09 AM 230308000101446
03/08/2023 10:53:09 AM order for {BANKNIFTY2330940900CE} - CE sell placed at -{404.00} 
03/08/2023 10:53:46 AM Order placed successfully, orderId = 230308000101820
03/08/2023 10:53:46 AM 230308000101820
03/08/2023 10:53:46 AM order for {BANKNIFTY2330941500PE} - PE sell placed at - {324.40}
03/08/2023 10:59:05 AM Order placed successfully, orderId = 230308000103843
03/08/2023 10:59:05 AM 230308000103843
03/08/2023 10:59:05 AM  Stop Loss Order for BANKNIFTY2330941500PE - CE buy placed at -314.55
03/08/2023 11:07:39 AM Order placed successfully, orderId = 230308000108017
03/08/2023 11:07:40 AM 230308000108017
03/08/2023 11:07:40 AM  Stop Loss Order for BANKNIFTY2330940900CE - CE buy placed at -409.3
