03/13/2023 09:12:08 AM Alice_Blue_API.py...execution started now.....
03/13/2023 09:27:37 AM Alice_Blue_API.py...execution started now.....
03/13/2023 09:38:37 AM Alice_Blue_API.py...execution started now.....
03/13/2023 09:42:02 AM Alice_Blue_API.py...execution started now.....
03/13/2023 09:43:57 AM Alice_Blue_API.py...execution started now.....
03/13/2023 09:47:30 AM Alice_Blue_API.py...execution started now.....
03/13/2023 09:50:35 AM Alice_Blue_API.py...execution started now.....
03/13/2023 10:21:01 AM Order placed successfully, orderId = 230313000079629
03/13/2023 10:21:01 AM 230313000079629
03/13/2023 10:21:01 AM order for {BANKNIFTY2331640100CE} - CE sell placed at -{542.95} 
03/13/2023 10:21:06 AM Order placed successfully, orderId = 230313000079651
03/13/2023 10:21:06 AM 230313000079651
03/13/2023 10:21:06 AM order for {BANKNIFTY2331640700PE} - PE sell placed at - {343.20}
03/13/2023 10:25:31 AM Order placed successfully, orderId = 230313000081279
03/13/2023 10:25:31 AM 230313000081279
03/13/2023 10:25:31 AM  Stop Loss Order for BANKNIFTY2331640700PE - CE buy placed at -350.95
03/13/2023 10:29:44 AM Order placed successfully, orderId = 230313000083390
03/13/2023 10:29:44 AM 230313000083390
03/13/2023 10:29:44 AM  Stop Loss Order for BANKNIFTY2331640100CE - CE buy placed at -507.1
03/13/2023 10:45:03 AM Order placed successfully, orderId = 230313000093697
03/13/2023 10:45:03 AM 230313000093697
03/13/2023 10:45:03 AM order for {BANKNIFTY2331640100CE} - CE sell placed at -{515.00} 
03/13/2023 10:45:08 AM Order placed successfully, orderId = 230313000093736
03/13/2023 10:45:08 AM 230313000093736
03/13/2023 10:45:08 AM order for {BANKNIFTY2331640700PE} - PE sell placed at - {365.75}
03/13/2023 10:48:25 AM Order placed successfully, orderId = 230313000095026
03/13/2023 10:48:25 AM 230313000095026
03/13/2023 10:48:25 AM  Stop Loss Order for BANKNIFTY2331640100CE - CE buy placed at -531.5
03/13/2023 10:48:28 AM Order placed successfully, orderId = 230313000095057
03/13/2023 10:48:29 AM 230313000095057
03/13/2023 10:48:29 AM  Stop Loss Order for BANKNIFTY2331640700PE - CE buy placed at -352.45
03/13/2023 11:57:14 AM Alice_Blue_API.py...execution started now.....
03/13/2023 12:00:07 PM Order placed successfully, orderId = 230313000145379
03/13/2023 12:00:07 PM 230313000145379
03/13/2023 12:00:07 PM order for {BANKNIFTY2331639900CE} - CE sell placed at -{499.55} 
03/13/2023 12:00:11 PM Order placed successfully, orderId = 230313000145450
03/13/2023 12:00:11 PM 230313000145450
03/13/2023 12:00:11 PM order for {BANKNIFTY2331640500PE} - PE sell placed at - {399.15}
03/13/2023 12:01:22 PM Order placed successfully, orderId = 230313000146153
03/13/2023 12:01:22 PM 230313000146153
03/13/2023 12:01:22 PM  Stop Loss Order for BANKNIFTY2331639900CE - CE buy placed at -475.0
03/13/2023 12:01:24 PM Order placed successfully, orderId = 230313000146182
03/13/2023 12:01:24 PM 230313000146182
03/13/2023 12:01:24 PM  Stop Loss Order for BANKNIFTY2331640500PE - CE buy placed at -424.2
03/13/2023 12:15:03 PM Order placed successfully, orderId = 230313000152270
03/13/2023 12:15:03 PM 230313000152270
03/13/2023 12:15:03 PM order for {BANKNIFTY2331639800CE} - CE sell placed at -{542.55} 
03/13/2023 12:15:08 PM Order placed successfully, orderId = 230313000152310
03/13/2023 12:15:08 PM 230313000152310
03/13/2023 12:15:08 PM order for {BANKNIFTY2331640400PE} - PE sell placed at - {365.60}
03/13/2023 12:16:02 PM Order placed successfully, orderId = 230313000152735
03/13/2023 12:16:02 PM 230313000152735
03/13/2023 12:16:02 PM  Stop Loss Order for BANKNIFTY2331639800CE - CE buy placed at -522.05
03/13/2023 12:16:05 PM Order placed successfully, orderId = 230313000152793
03/13/2023 12:16:05 PM 230313000152793
03/13/2023 12:16:05 PM  Stop Loss Order for BANKNIFTY2331640400PE - CE buy placed at -393.25
03/13/2023 12:45:03 PM Order placed successfully, orderId = 230313000170170
03/13/2023 12:45:03 PM 230313000170170
03/13/2023 12:45:03 PM order for {BANKNIFTY2331639700CE} - CE sell placed at -{533.20} 
03/13/2023 12:45:08 PM Order placed successfully, orderId = 230313000170303
03/13/2023 12:45:08 PM 230313000170303
03/13/2023 12:45:08 PM order for {BANKNIFTY2331640300PE} - PE sell placed at - {396.00}
03/13/2023 12:45:19 PM Order placed successfully, orderId = 230313000170508
03/13/2023 12:45:19 PM 230313000170508
03/13/2023 12:45:19 PM  Stop Loss Order for BANKNIFTY2331640300PE - CE buy placed at -402.35
03/13/2023 12:47:24 PM Order placed successfully, orderId = 230313000173360
03/13/2023 12:47:24 PM 230313000173360
03/13/2023 12:47:24 PM  Stop Loss Order for BANKNIFTY2331639700CE - CE buy placed at -492.7
