03/14/2023 09:08:55 AM Alice_Blue_API.py...execution started now.....
03/14/2023 09:20:02 AM Order placed successfully, orderId = 230314000013282
03/14/2023 09:20:02 AM 230314000013282
03/14/2023 09:20:02 AM order for {BANKNIFTY2331639200CE} - CE sell placed at -{527.00} 
03/14/2023 09:20:05 AM Order placed successfully, orderId = 230314000013470
03/14/2023 09:20:05 AM 230314000013470
03/14/2023 09:20:05 AM order for {BANKNIFTY2331639800PE} - PE sell placed at - {446.20}
03/14/2023 09:21:25 AM Order placed successfully, orderId = 230314000015991
03/14/2023 09:21:25 AM 230314000015991
03/14/2023 09:21:25 AM  Stop Loss Order for BANKNIFTY2331639800PE - CE buy placed at -472.25
03/14/2023 09:23:29 AM Order placed successfully, orderId = 230314000021101
03/14/2023 09:23:29 AM 230314000021101
03/14/2023 09:23:29 AM  Stop Loss Order for BANKNIFTY2331639200CE - CE buy placed at -439.3
03/14/2023 09:50:03 AM Order placed successfully, orderId = 230314000066754
03/14/2023 09:50:03 AM 230314000066754
03/14/2023 09:50:03 AM order for {BANKNIFTY2331639300CE} - CE sell placed at -{550.75} 
03/14/2023 09:50:06 AM Order placed successfully, orderId = 230314000066794
03/14/2023 09:50:06 AM 230314000066794
03/14/2023 09:50:06 AM order for {BANKNIFTY2331639900PE} - PE sell placed at - {413.10}
03/14/2023 09:56:46 AM Order placed successfully, orderId = 230314000072737
03/14/2023 09:56:46 AM 230314000072737
03/14/2023 09:56:46 AM  Stop Loss Order for BANKNIFTY2331639900PE - CE buy placed at -430.25
03/14/2023 10:00:57 AM Order placed successfully, orderId = 230314000075314
03/14/2023 10:00:57 AM 230314000075314
03/14/2023 10:00:57 AM  Stop Loss Order for BANKNIFTY2331639300CE - CE buy placed at -493.3
03/14/2023 10:15:01 AM Order placed successfully, orderId = 230314000087005
03/14/2023 10:15:01 AM 230314000087005
03/14/2023 10:15:01 AM order for {BANKNIFTY2331639200CE} - CE sell placed at -{508.00} 
03/14/2023 10:15:04 AM Order placed successfully, orderId = 230314000087104
03/14/2023 10:15:04 AM 230314000087104
03/14/2023 10:15:04 AM order for {BANKNIFTY2331639800PE} - PE sell placed at - {435.95}
03/14/2023 10:17:26 AM Order placed successfully, orderId = 230314000090525
03/14/2023 10:17:26 AM 230314000090525
03/14/2023 10:17:26 AM  Stop Loss Order for BANKNIFTY2331639800PE - CE buy placed at -464.05
03/14/2023 10:19:33 AM Order placed successfully, orderId = 230314000093994
03/14/2023 10:19:33 AM 230314000093994
03/14/2023 10:19:33 AM  Stop Loss Order for BANKNIFTY2331639200CE - CE buy placed at -450.3
03/14/2023 03:55:39 PM Alice_Blue_API.py...execution started now.....
03/14/2023 11:28:39 PM Alice_Blue_API.py...execution started now.....
