03/15/2023 07:53:17 AM Alice_Blue_API.py...execution started now.....
03/15/2023 07:55:03 AM Order placed successfully, orderId = 230315000000217
03/15/2023 07:55:03 AM 230315000000217
03/15/2023 07:55:03 AM order for BANKNIFTY2331639100CE - CE sell placed at -575.00 
03/15/2023 07:55:06 AM Order placed successfully, orderId = 230315000000218
03/15/2023 07:55:06 AM 230315000000218
03/15/2023 07:55:06 AM order for BANKNIFTY2331639700PE - PE sell placed at - 350.00
03/15/2023 08:06:47 AM Alice_Blue_API.py...execution started now.....
03/15/2023 08:08:03 AM Order placed successfully, orderId = 230315000000250
03/15/2023 08:08:03 AM 230315000000250
03/15/2023 08:08:03 AM order for BANKNIFTY2331639100CE - CE sell placed at -575.00 
03/15/2023 08:08:05 AM Order placed successfully, orderId = 230315000000251
03/15/2023 08:08:05 AM 230315000000251
03/15/2023 08:08:05 AM order for BANKNIFTY2331640000PE - PE sell placed at - 555.00
03/15/2023 09:00:05 AM Alice_Blue_API.py...execution started now.....
03/15/2023 09:20:03 AM Order placed successfully, orderId = 230315000014668
03/15/2023 09:20:03 AM 230315000014668
03/15/2023 09:20:03 AM order for BANKNIFTY2331639500CE - CE sell placed at -473.90 
03/15/2023 09:20:07 AM Order placed successfully, orderId = 230315000014860
03/15/2023 09:20:07 AM 230315000014860
03/15/2023 09:20:07 AM order for BANKNIFTY2331640400PE - PE sell placed at - 581.65
03/15/2023 09:22:58 AM  Stop Loss Order for BANKNIFTY2331640400PE - CE buy placed at -637.8
03/15/2023 09:25:03 AM  Stop Loss Order for BANKNIFTY2331639500CE - CE buy placed at -414.2
03/15/2023 09:50:05 AM Order placed successfully, orderId = 230315000058312
03/15/2023 09:50:06 AM 230315000058312
03/15/2023 09:50:06 AM order for BANKNIFTY2331639400CE - CE sell placed at -474.70 
03/15/2023 09:50:10 AM Order placed successfully, orderId = 230315000058471
03/15/2023 09:50:10 AM 230315000058471
03/15/2023 09:50:10 AM order for BANKNIFTY2331640300PE - PE sell placed at - 555.00
03/15/2023 09:54:01 AM  Stop Loss Order for BANKNIFTY2331640300PE - CE buy placed at -587.1
03/15/2023 09:56:06 AM  Stop Loss Order for BANKNIFTY2331639400CE - CE buy placed at -422.35
03/15/2023 10:15:04 AM Order placed successfully, orderId = 230315000134232
03/15/2023 10:15:04 AM 230315000134232
03/15/2023 10:15:04 AM order for BANKNIFTY2331639400CE - CE sell placed at -405.60 
03/15/2023 10:15:08 AM Order placed successfully, orderId = 230315000134303
03/15/2023 10:15:08 AM 230315000134303
03/15/2023 10:15:08 AM order for BANKNIFTY2331640300PE - PE sell placed at - 627.00
03/15/2023 10:33:39 AM  Stop Loss Order for BANKNIFTY2331640300PE - CE buy placed at -658.0
03/15/2023 10:35:42 AM  Stop Loss Order for BANKNIFTY2331639400CE - CE buy placed at -341.95
03/15/2023 10:45:03 AM Order placed successfully, orderId = 230315000183663
03/15/2023 10:45:03 AM 230315000183663
03/15/2023 10:45:03 AM order for BANKNIFTY2331639200CE - CE sell placed at -464.20 
03/15/2023 10:45:08 AM Order placed successfully, orderId = 230315000183836
03/15/2023 10:45:08 AM 230315000183836
03/15/2023 10:45:08 AM order for BANKNIFTY2331640100PE - PE sell placed at - 562.45
03/15/2023 10:48:17 AM  Stop Loss Order for BANKNIFTY2331640100PE - CE buy placed at -589.6
03/15/2023 11:09:07 AM  Stop Loss Order for BANKNIFTY2331639200CE - CE buy placed at -416.8
03/15/2023 03:59:26 PM Alice_Blue_API.py...execution started now.....
03/15/2023 04:00:09 PM Alice_Blue_API.py...execution started now.....
